This is pdfTeX, Version 3.141592653-2.6-1.40.26 (TeX Live 2024) (preloaded format=pdflatex 2024.5.16)  5 JUL 2024 00:28
entering extended mode
 restricted \write18 enabled.
 file:line:error style messages enabled.
 %&-line parsing enabled.
**HW15.tex
(./HW15.tex
LaTeX2e <2023-11-01> patch level 1
L3 programming layer <2024-02-20>
(d:/Program Files (x86)/texlive/2024/texmf-dist/tex/latex/ctex/ctexart.cls
(d:/Program Files (x86)/texlive/2024/texmf-dist/tex/latex/ctex/config/ctexbacke
nd.cfg
File: ctexbackend.cfg 2022/07/14 v2.5.10 Backend configuration file (CTEX)
)
(d:/Program Files (x86)/texlive/2024/texmf-dist/tex/latex/l3kernel/expl3.sty
Package: expl3 2024-02-20 L3 programming layer (loader) 

(d:/Program Files (x86)/texlive/2024/texmf-dist/tex/latex/l3backend/l3backend-p
dftex.def
File: l3backend-pdftex.def 2024-02-20 L3 backend support: PDF output (pdfTeX)
\l__color_backend_stack_int=\count188
\l__pdf_internal_box=\box51
))
Document Class: ctexart 2022/07/14 v2.5.10 Chinese adapter for class article (C
TEX)
(d:/Program Files (x86)/texlive/2024/texmf-dist/tex/latex/ctex/ctexhook.sty
Package: ctexhook 2022/07/14 v2.5.10 Document and package hooks (CTEX)
)
(d:/Program Files (x86)/texlive/2024/texmf-dist/tex/latex/ctex/ctexpatch.sty
Package: ctexpatch 2022/07/14 v2.5.10 Patching commands (CTEX)
)
(d:/Program Files (x86)/texlive/2024/texmf-dist/tex/latex/base/fix-cm.sty
Package: fix-cm 2020/11/24 v1.1t fixes to LaTeX

(d:/Program Files (x86)/texlive/2024/texmf-dist/tex/latex/base/ts1enc.def
File: ts1enc.def 2001/06/05 v3.0e (jk/car/fm) Standard LaTeX file
LaTeX Font Info:    Redeclaring font encoding TS1 on input line 47.
))
\l__ctex_tmp_int=\count189
\l__ctex_tmp_box=\box52
\l__ctex_tmp_dim=\dimen140
\g__ctex_section_depth_int=\count190
\g__ctex_font_size_int=\count191

(d:/Program Files (x86)/texlive/2024/texmf-dist/tex/latex/ctex/config/ctexopts.
cfg
File: ctexopts.cfg 2022/07/14 v2.5.10 Option configuration file (CTEX)
) (d:/Program Files (x86)/texlive/2024/texmf-dist/tex/latex/base/article.cls
Document Class: article 2023/05/17 v1.4n Standard LaTeX document class
(d:/Program Files (x86)/texlive/2024/texmf-dist/tex/latex/base/size10.clo
File: size10.clo 2023/05/17 v1.4n Standard LaTeX file (size option)
)
\c@part=\count192
\c@section=\count193
\c@subsection=\count194
\c@subsubsection=\count195
\c@paragraph=\count196
\c@subparagraph=\count197
\c@figure=\count198
\c@table=\count199
\abovecaptionskip=\skip48
\belowcaptionskip=\skip49
\bibindent=\dimen141
)
(d:/Program Files (x86)/texlive/2024/texmf-dist/tex/latex/ctex/engine/ctex-engi
ne-pdftex.def
File: ctex-engine-pdftex.def 2022/07/14 v2.5.10 (pdf)LaTeX adapter (CTEX)

(d:/Program Files (x86)/texlive/2024/texmf-dist/tex/latex/cjk/texinput/CJKutf8.
sty
Package: CJKutf8 2021/10/16 4.8.5
 (d:/Program Files (x86)/texlive/2024/texmf-dist/tex/generic/iftex/ifpdf.sty
Package: ifpdf 2019/10/25 v3.4 ifpdf legacy package. Use iftex instead.
(d:/Program Files (x86)/texlive/2024/texmf-dist/tex/generic/iftex/iftex.sty
Package: iftex 2022/02/03 v1.0f TeX engine tests
))
(d:/Program Files (x86)/texlive/2024/texmf-dist/tex/latex/base/inputenc.sty
Package: inputenc 2021/02/14 v1.3d Input encoding file
\inpenc@prehook=\toks17
\inpenc@posthook=\toks18
)
(d:/Program Files (x86)/texlive/2024/texmf-dist/tex/latex/cjk/texinput/CJK.sty
Package: CJK 2021/10/16 4.8.5

(d:/Program Files (x86)/texlive/2024/texmf-dist/tex/latex/cjk/texinput/mule/MUL
Eenc.sty
Package: MULEenc 2021/10/16 4.8.5
)
(d:/Program Files (x86)/texlive/2024/texmf-dist/tex/latex/cjk/texinput/CJK.enc
File: CJK.enc 2021/10/16 4.8.5
Now handling font encoding C00 ...
... no UTF-8 mapping file for font encoding C00
Now handling font encoding C05 ...
... no UTF-8 mapping file for font encoding C05
Now handling font encoding C09 ...
... no UTF-8 mapping file for font encoding C09
Now handling font encoding C10 ...
... no UTF-8 mapping file for font encoding C10
Now handling font encoding C20 ...
... no UTF-8 mapping file for font encoding C20
Now handling font encoding C19 ...
... no UTF-8 mapping file for font encoding C19
Now handling font encoding C40 ...
... no UTF-8 mapping file for font encoding C40
Now handling font encoding C42 ...
... no UTF-8 mapping file for font encoding C42
Now handling font encoding C43 ...
... no UTF-8 mapping file for font encoding C43
Now handling font encoding C50 ...
... no UTF-8 mapping file for font encoding C50
Now handling font encoding C52 ...
... no UTF-8 mapping file for font encoding C52
Now handling font encoding C49 ...
... no UTF-8 mapping file for font encoding C49
Now handling font encoding C60 ...
... no UTF-8 mapping file for font encoding C60
Now handling font encoding C61 ...
... no UTF-8 mapping file for font encoding C61
Now handling font encoding C63 ...
... no UTF-8 mapping file for font encoding C63
Now handling font encoding C64 ...
... no UTF-8 mapping file for font encoding C64
Now handling font encoding C65 ...
... no UTF-8 mapping file for font encoding C65
Now handling font encoding C70 ...
... no UTF-8 mapping file for font encoding C70
Now handling font encoding C31 ...
... no UTF-8 mapping file for font encoding C31
Now handling font encoding C32 ...
... no UTF-8 mapping file for font encoding C32
Now handling font encoding C33 ...
... no UTF-8 mapping file for font encoding C33
Now handling font encoding C34 ...
... no UTF-8 mapping file for font encoding C34
Now handling font encoding C35 ...
... no UTF-8 mapping file for font encoding C35
Now handling font encoding C36 ...
... no UTF-8 mapping file for font encoding C36
Now handling font encoding C37 ...
... no UTF-8 mapping file for font encoding C37
Now handling font encoding C80 ...
... no UTF-8 mapping file for font encoding C80
Now handling font encoding C81 ...
... no UTF-8 mapping file for font encoding C81
Now handling font encoding C01 ...
... no UTF-8 mapping file for font encoding C01
Now handling font encoding C11 ...
... no UTF-8 mapping file for font encoding C11
Now handling font encoding C21 ...
... no UTF-8 mapping file for font encoding C21
Now handling font encoding C41 ...
... no UTF-8 mapping file for font encoding C41
Now handling font encoding C62 ...
... no UTF-8 mapping file for font encoding C62
)
\CJK@indent=\box53
) (d:/Program Files (x86)/texlive/2024/texmf-dist/tex/latex/base/fontenc.sty
Package: fontenc 2021/04/29 v2.0v Standard LaTeX package
))
(d:/Program Files (x86)/texlive/2024/texmf-dist/tex/latex/cjkpunct/CJKpunct.sty
Package: CJKpunct 2016/05/14 4.8.4
\CJKpunct@cnta=\count266
\CJKpunct@cntb=\count267
\CJKpunct@cntc=\count268
\CJKpunct@cntd=\count269
\CJKpunct@cnte=\count270
   defining Unicode char U+2018 (decimal 8216)
   defining Unicode char U+2019 (decimal 8217)
   defining Unicode char U+201C (decimal 8220)
   defining Unicode char U+201D (decimal 8221)
   defining Unicode char U+2014 (decimal 8212)
   defining Unicode char U+2026 (decimal 8230)

(d:/Program Files (x86)/texlive/2024/texmf-dist/tex/latex/cjkpunct/CJKpunct.spa
))
(d:/Program Files (x86)/texlive/2024/texmf-dist/tex/latex/cjk/texinput/CJKspace
.sty
Package: CJKspace 2021/10/16 3.8.0
)
(d:/Program Files (x86)/texlive/2024/texmf-dist/tex/latex/cjk/texinput/UTF8/UTF
8.bdg
File: UTF8.bdg 2021/10/16 4.8.5
)
(d:/Program Files (x86)/texlive/2024/texmf-dist/tex/latex/ctex/ctexspa.def
File: ctexspa.def 2022/07/14 v2.5.10 Space info for CJKpunct (CTEX)
)
\ccwd=\dimen142
\l__ctex_ccglue_skip=\skip50
)
\l__ctex_ziju_dim=\dimen143

(d:/Program Files (x86)/texlive/2024/texmf-dist/tex/latex/zhnumber/zhnumber.sty
Package: zhnumber 2022/07/14 v3.0 Typesetting numbers with Chinese glyphs
\l__zhnum_scale_int=\count271
\l__zhnum_tmp_int=\count272

(d:/Program Files (x86)/texlive/2024/texmf-dist/tex/latex/zhnumber/zhnumber-utf
8.cfg
File: zhnumber-utf8.cfg 2022/07/14 v3.0 Chinese numerals with UTF8 encoding
))
\l__ctex_heading_skip=\skip51

(d:/Program Files (x86)/texlive/2024/texmf-dist/tex/latex/ctex/scheme/ctex-sche
me-chinese-article.def
File: ctex-scheme-chinese-article.def 2022/07/14 v2.5.10 Chinese scheme for art
icle (CTEX)

(d:/Program Files (x86)/texlive/2024/texmf-dist/tex/latex/ctex/config/ctex-name
-utf8.cfg
File: ctex-name-utf8.cfg 2022/07/14 v2.5.10 Caption with encoding UTF-8 (CTEX)
))
(d:/Program Files (x86)/texlive/2024/texmf-dist/tex/latex/ctex/ctex-c5size.clo
File: ctex-c5size.clo 2022/07/14 v2.5.10 c5size option (CTEX)
)
(d:/Program Files (x86)/texlive/2024/texmf-dist/tex/latex/ctex/fontset/ctex-fon
tset-windows.def
File: ctex-fontset-windows.def 2022/07/14 v2.5.10 Windows fonts definition (CTE
X)
))
(d:/Program Files (x86)/texlive/2024/texmf-dist/tex/latex/ctex/config/ctex.cfg
File: ctex.cfg 2022/07/14 v2.5.10 Configuration file (CTEX)
)
(d:/Program Files (x86)/texlive/2024/texmf-dist/tex/latex/geometry/geometry.sty
Package: geometry 2020/01/02 v5.9 Page Geometry
(d:/Program Files (x86)/texlive/2024/texmf-dist/tex/latex/graphics/keyval.sty
Package: keyval 2022/05/29 v1.15 key=value parser (DPC)
\KV@toks@=\toks19
)
(d:/Program Files (x86)/texlive/2024/texmf-dist/tex/generic/iftex/ifvtex.sty
Package: ifvtex 2019/10/25 v1.7 ifvtex legacy package. Use iftex instead.
)
\Gm@cnth=\count273
\Gm@cntv=\count274
\c@Gm@tempcnt=\count275
\Gm@bindingoffset=\dimen144
\Gm@wd@mp=\dimen145
\Gm@odd@mp=\dimen146
\Gm@even@mp=\dimen147
\Gm@layoutwidth=\dimen148
\Gm@layoutheight=\dimen149
\Gm@layouthoffset=\dimen150
\Gm@layoutvoffset=\dimen151
\Gm@dimlist=\toks20
)
(d:/Program Files (x86)/texlive/2024/texmf-dist/tex/latex/listings/listings.sty
\lst@mode=\count276
\lst@gtempboxa=\box54
\lst@token=\toks21
\lst@length=\count277
\lst@currlwidth=\dimen152
\lst@column=\count278
\lst@pos=\count279
\lst@lostspace=\dimen153
\lst@width=\dimen154
\lst@newlines=\count280
\lst@lineno=\count281
\lst@maxwidth=\dimen155

(d:/Program Files (x86)/texlive/2024/texmf-dist/tex/latex/listings/lstpatch.sty
File: lstpatch.sty 2024/02/21 1.10 (Carsten Heinz)
)
(d:/Program Files (x86)/texlive/2024/texmf-dist/tex/latex/listings/lstmisc.sty
File: lstmisc.sty 2024/02/21 1.10 (Carsten Heinz)
\c@lstnumber=\count282
\lst@skipnumbers=\count283
\lst@framebox=\box55
)
(d:/Program Files (x86)/texlive/2024/texmf-dist/tex/latex/listings/listings.cfg
File: listings.cfg 2024/02/21 1.10 listings configuration
))
Package: listings 2024/02/21 1.10 (Carsten Heinz)
 (d:/Program Files (x86)/texlive/2024/texmf-dist/tex/latex/xcolor/xcolor.sty
Package: xcolor 2023/11/15 v3.01 LaTeX color extensions (UK)

(d:/Program Files (x86)/texlive/2024/texmf-dist/tex/latex/graphics-cfg/color.cf
g
File: color.cfg 2016/01/02 v1.6 sample color configuration
)
Package xcolor Info: Driver file: pdftex.def on input line 274.

(d:/Program Files (x86)/texlive/2024/texmf-dist/tex/latex/graphics-def/pdftex.d
ef
File: pdftex.def 2022/09/22 v1.2b Graphics/color driver for pdftex
)
(d:/Program Files (x86)/texlive/2024/texmf-dist/tex/latex/graphics/mathcolor.lt
x)
Package xcolor Info: Model `cmy' substituted by `cmy0' on input line 1350.
Package xcolor Info: Model `hsb' substituted by `rgb' on input line 1354.
Package xcolor Info: Model `RGB' extended on input line 1366.
Package xcolor Info: Model `HTML' substituted by `rgb' on input line 1368.
Package xcolor Info: Model `Hsb' substituted by `hsb' on input line 1369.
Package xcolor Info: Model `tHsb' substituted by `hsb' on input line 1370.
Package xcolor Info: Model `HSB' substituted by `hsb' on input line 1371.
Package xcolor Info: Model `Gray' substituted by `gray' on input line 1372.
Package xcolor Info: Model `wave' substituted by `hsb' on input line 1373.
)
(d:/Program Files (x86)/texlive/2024/texmf-dist/tex/latex/graphics/graphicx.sty
Package: graphicx 2021/09/16 v1.2d Enhanced LaTeX Graphics (DPC,SPQR)

(d:/Program Files (x86)/texlive/2024/texmf-dist/tex/latex/graphics/graphics.sty
Package: graphics 2022/03/10 v1.4e Standard LaTeX Graphics (DPC,SPQR)
(d:/Program Files (x86)/texlive/2024/texmf-dist/tex/latex/graphics/trig.sty
Package: trig 2021/08/11 v1.11 sin cos tan (DPC)
)
(d:/Program Files (x86)/texlive/2024/texmf-dist/tex/latex/graphics-cfg/graphics
.cfg
File: graphics.cfg 2016/06/04 v1.11 sample graphics configuration
)
Package graphics Info: Driver file: pdftex.def on input line 107.
)
\Gin@req@height=\dimen156
\Gin@req@width=\dimen157
)
(d:/Program Files (x86)/texlive/2024/texmf-dist/tex/latex/amsmath/amsmath.sty
Package: amsmath 2023/05/13 v2.17o AMS math features
\@mathmargin=\skip52

For additional information on amsmath, use the `?' option.
(d:/Program Files (x86)/texlive/2024/texmf-dist/tex/latex/amsmath/amstext.sty
Package: amstext 2021/08/26 v2.01 AMS text

(d:/Program Files (x86)/texlive/2024/texmf-dist/tex/latex/amsmath/amsgen.sty
File: amsgen.sty 1999/11/30 v2.0 generic functions
\@emptytoks=\toks22
\ex@=\dimen158
))
(d:/Program Files (x86)/texlive/2024/texmf-dist/tex/latex/amsmath/amsbsy.sty
Package: amsbsy 1999/11/29 v1.2d Bold Symbols
\pmbraise@=\dimen159
)
(d:/Program Files (x86)/texlive/2024/texmf-dist/tex/latex/amsmath/amsopn.sty
Package: amsopn 2022/04/08 v2.04 operator names
)
\inf@bad=\count284
LaTeX Info: Redefining \frac on input line 234.
\uproot@=\count285
\leftroot@=\count286
LaTeX Info: Redefining \overline on input line 399.
LaTeX Info: Redefining \colon on input line 410.
\classnum@=\count287
\DOTSCASE@=\count288
LaTeX Info: Redefining \ldots on input line 496.
LaTeX Info: Redefining \dots on input line 499.
LaTeX Info: Redefining \cdots on input line 620.
\Mathstrutbox@=\box56
\strutbox@=\box57
LaTeX Info: Redefining \big on input line 722.
LaTeX Info: Redefining \Big on input line 723.
LaTeX Info: Redefining \bigg on input line 724.
LaTeX Info: Redefining \Bigg on input line 725.
\big@size=\dimen160
LaTeX Font Info:    Redeclaring font encoding OML on input line 743.
LaTeX Font Info:    Redeclaring font encoding OMS on input line 744.
\macc@depth=\count289
LaTeX Info: Redefining \bmod on input line 905.
LaTeX Info: Redefining \pmod on input line 910.
LaTeX Info: Redefining \smash on input line 940.
LaTeX Info: Redefining \relbar on input line 970.
LaTeX Info: Redefining \Relbar on input line 971.
\c@MaxMatrixCols=\count290
\dotsspace@=\muskip16
\c@parentequation=\count291
\dspbrk@lvl=\count292
\tag@help=\toks23
\row@=\count293
\column@=\count294
\maxfields@=\count295
\andhelp@=\toks24
\eqnshift@=\dimen161
\alignsep@=\dimen162
\tagshift@=\dimen163
\tagwidth@=\dimen164
\totwidth@=\dimen165
\lineht@=\dimen166
\@envbody=\toks25
\multlinegap=\skip53
\multlinetaggap=\skip54
\mathdisplay@stack=\toks26
LaTeX Info: Redefining \[ on input line 2953.
LaTeX Info: Redefining \] on input line 2954.
)
(d:/Program Files (x86)/texlive/2024/texmf-dist/tex/latex/caption/subcaption.st
y
Package: subcaption 2023/07/28 v1.6b Sub-captions (AR)
 (d:/Program Files (x86)/texlive/2024/texmf-dist/tex/latex/caption/caption.sty
Package: caption 2023/08/05 v3.6o Customizing captions (AR)
(d:/Program Files (x86)/texlive/2024/texmf-dist/tex/latex/caption/caption3.sty
Package: caption3 2023/07/31 v2.4d caption3 kernel (AR)
\caption@tempdima=\dimen167
\captionmargin=\dimen168
\caption@leftmargin=\dimen169
\caption@rightmargin=\dimen170
\caption@width=\dimen171
\caption@indent=\dimen172
\caption@parindent=\dimen173
\caption@hangindent=\dimen174
Package caption Info: Standard document class detected.
)
\c@caption@flags=\count296
\c@continuedfloat=\count297
Package caption Info: listings package is loaded.
)
Package caption Info: New subtype `subfigure' on input line 238.
\c@subfigure=\count298
Package caption Info: New subtype `subtable' on input line 238.
\c@subtable=\count299
)
(d:/Program Files (x86)/texlive/2024/texmf-dist/tex/latex/listings/lstlang1.sty
File: lstlang1.sty 2024/02/21 1.10 listings language file
)
(d:/Program Files (x86)/texlive/2024/texmf-dist/tex/latex/listings/lstlang2.sty
File: lstlang2.sty 2024/02/21 1.10 listings language file
)
(d:/Program Files (x86)/texlive/2024/texmf-dist/tex/latex/listings/lstlang3.sty
File: lstlang3.sty 2024/02/21 1.10 listings language file
)
(d:/Program Files (x86)/texlive/2024/texmf-dist/tex/latex/listings/lstlang1.sty
File: lstlang1.sty 2024/02/21 1.10 listings language file
)
(d:/Program Files (x86)/texlive/2024/texmf-dist/tex/latex/listings/lstlang2.sty
File: lstlang2.sty 2024/02/21 1.10 listings language file
)
(d:/Program Files (x86)/texlive/2024/texmf-dist/tex/latex/listings/lstlang3.sty
File: lstlang3.sty 2024/02/21 1.10 listings language file
)
(d:/Program Files (x86)/texlive/2024/texmf-dist/tex/latex/listings/lstlang1.sty
File: lstlang1.sty 2024/02/21 1.10 listings language file
)
(d:/Program Files (x86)/texlive/2024/texmf-dist/tex/latex/listings/lstlang2.sty
File: lstlang2.sty 2024/02/21 1.10 listings language file
)
(d:/Program Files (x86)/texlive/2024/texmf-dist/tex/latex/listings/lstlang3.sty
File: lstlang3.sty 2024/02/21 1.10 listings language file
)
(d:/Program Files (x86)/texlive/2024/texmf-dist/tex/latex/listings/lstmisc.sty
File: lstmisc.sty 2024/02/21 1.10 (Carsten Heinz)
)
(d:/Program Files (x86)/texlive/2024/texmf-dist/tex/latex/cjk/texinput/UTF8/UTF
8.enc
File: UTF8.enc 2021/10/16 4.8.5
)
(d:/Program Files (x86)/texlive/2024/texmf-dist/tex/latex/cjk/texinput/UTF8/UTF
8.chr
File: UTF8.chr 2021/10/16 4.8.5
)
(C:/Users/Kiddo_Tsukuyomi/Ê°åÈù¢/file/Project/HW15/extra/Proj/out/HW15.aux)
\openout1 = `HW15.aux'.

LaTeX Font Info:    Checking defaults for OML/cmm/m/it on input line 46.
LaTeX Font Info:    ... okay on input line 46.
LaTeX Font Info:    Checking defaults for OMS/cmsy/m/n on input line 46.
LaTeX Font Info:    ... okay on input line 46.
LaTeX Font Info:    Checking defaults for OT1/cmr/m/n on input line 46.
LaTeX Font Info:    ... okay on input line 46.
LaTeX Font Info:    Checking defaults for T1/cmr/m/n on input line 46.
LaTeX Font Info:    ... okay on input line 46.
LaTeX Font Info:    Checking defaults for TS1/cmr/m/n on input line 46.
LaTeX Font Info:    ... okay on input line 46.
LaTeX Font Info:    Checking defaults for OMX/cmex/m/n on input line 46.
LaTeX Font Info:    ... okay on input line 46.
LaTeX Font Info:    Checking defaults for U/cmr/m/n on input line 46.
LaTeX Font Info:    ... okay on input line 46.
LaTeX Font Info:    Checking defaults for C00/song/m/n on input line 46.
LaTeX Font Info:    ... okay on input line 46.
LaTeX Font Info:    Checking defaults for C05/song/m/n on input line 46.
LaTeX Font Info:    ... okay on input line 46.
LaTeX Font Info:    Checking defaults for C09/song/m/n on input line 46.
LaTeX Font Info:    ... okay on input line 46.
LaTeX Font Info:    Checking defaults for C10/song/m/n on input line 46.
LaTeX Font Info:    ... okay on input line 46.
LaTeX Font Info:    Checking defaults for C20/song/m/n on input line 46.
LaTeX Font Info:    ... okay on input line 46.
LaTeX Font Info:    Checking defaults for C19/song/m/n on input line 46.
LaTeX Font Info:    ... okay on input line 46.
LaTeX Font Info:    Checking defaults for C40/song/m/n on input line 46.
LaTeX Font Info:    ... okay on input line 46.
LaTeX Font Info:    Checking defaults for C42/song/m/n on input line 46.
LaTeX Font Info:    ... okay on input line 46.
LaTeX Font Info:    Checking defaults for C43/song/m/n on input line 46.
LaTeX Font Info:    ... okay on input line 46.
LaTeX Font Info:    Checking defaults for C50/song/m/n on input line 46.
LaTeX Font Info:    ... okay on input line 46.
LaTeX Font Info:    Checking defaults for C52/song/m/n on input line 46.
LaTeX Font Info:    ... okay on input line 46.
LaTeX Font Info:    Checking defaults for C49/song/m/n on input line 46.
LaTeX Font Info:    ... okay on input line 46.
LaTeX Font Info:    Checking defaults for C60/mj/m/n on input line 46.
LaTeX Font Info:    ... okay on input line 46.
LaTeX Font Info:    Checking defaults for C61/mj/m/n on input line 46.
LaTeX Font Info:    ... okay on input line 46.
LaTeX Font Info:    Checking defaults for C63/mj/m/n on input line 46.
LaTeX Font Info:    ... okay on input line 46.
LaTeX Font Info:    Checking defaults for C64/mj/m/n on input line 46.
LaTeX Font Info:    ... okay on input line 46.
LaTeX Font Info:    Checking defaults for C65/mj/m/n on input line 46.
LaTeX Font Info:    ... okay on input line 46.
LaTeX Font Info:    Checking defaults for C70/song/m/n on input line 46.
LaTeX Font Info:    ... okay on input line 46.
LaTeX Font Info:    Checking defaults for C31/song/m/n on input line 46.
LaTeX Font Info:    ... okay on input line 46.
LaTeX Font Info:    Checking defaults for C32/song/m/n on input line 46.
LaTeX Font Info:    ... okay on input line 46.
LaTeX Font Info:    Checking defaults for C33/song/m/n on input line 46.
LaTeX Font Info:    ... okay on input line 46.
LaTeX Font Info:    Checking defaults for C34/song/m/n on input line 46.
LaTeX Font Info:    ... okay on input line 46.
LaTeX Font Info:    Checking defaults for C35/song/m/n on input line 46.
LaTeX Font Info:    ... okay on input line 46.
LaTeX Font Info:    Checking defaults for C36/song/m/n on input line 46.
LaTeX Font Info:    ... okay on input line 46.
LaTeX Font Info:    Checking defaults for C37/song/m/n on input line 46.
LaTeX Font Info:    ... okay on input line 46.
LaTeX Font Info:    Checking defaults for C80/song/m/n on input line 46.
LaTeX Font Info:    ... okay on input line 46.
LaTeX Font Info:    Checking defaults for C81/song/m/n on input line 46.
LaTeX Font Info:    ... okay on input line 46.
LaTeX Font Info:    Checking defaults for C01/song/m/n on input line 46.
LaTeX Font Info:    ... okay on input line 46.
LaTeX Font Info:    Checking defaults for C11/song/m/n on input line 46.
LaTeX Font Info:    ... okay on input line 46.
LaTeX Font Info:    Checking defaults for C21/song/m/n on input line 46.
LaTeX Font Info:    ... okay on input line 46.
LaTeX Font Info:    Checking defaults for C41/song/m/n on input line 46.
LaTeX Font Info:    ... okay on input line 46.
LaTeX Font Info:    Checking defaults for C62/song/m/n on input line 46.
LaTeX Font Info:    ... okay on input line 46.

*geometry* driver: auto-detecting
*geometry* detected driver: pdftex
*geometry* verbose mode - [ preamble ] result:
* driver: pdftex
* paper: <default>
* layout: <same size as paper>
* layoutoffset:(h,v)=(0.0pt,0.0pt)
* modes: 
* h-part:(L,W,R)=(92.14519pt, 430.00462pt, 92.14519pt)
* v-part:(T,H,B)=(95.39737pt, 556.47656pt, 143.09605pt)
* \paperwidth=614.295pt
* \paperheight=794.96999pt
* \textwidth=430.00462pt
* \textheight=556.47656pt
* \oddsidemargin=19.8752pt
* \evensidemargin=19.8752pt
* \topmargin=-13.87262pt
* \headheight=12.0pt
* \headsep=25.0pt
* \topskip=10.0pt
* \footskip=30.0pt
* \marginparwidth=65.0pt
* \marginparsep=11.0pt
* \columnsep=10.0pt
* \skip\footins=9.0pt plus 4.0pt minus 2.0pt
* \hoffset=0.0pt
* \voffset=0.0pt
* \mag=1000
* \@twocolumnfalse
* \@twosidefalse
* \@mparswitchfalse
* \@reversemarginfalse
* (1in=72.27pt=25.4mm, 1cm=28.453pt)

\c@lstlisting=\count300

(d:/Program Files (x86)/texlive/2024/texmf-dist/tex/context/base/mkii/supp-pdf.
mkii
[Loading MPS to PDF converter (version 2006.09.02).]
\scratchcounter=\count301
\scratchdimen=\dimen175
\scratchbox=\box58
\nofMPsegments=\count302
\nofMParguments=\count303
\everyMPshowfont=\toks27
\MPscratchCnt=\count304
\MPscratchDim=\dimen176
\MPnumerator=\count305
\makeMPintoPDFobject=\count306
\everyMPtoPDFconversion=\toks28
)
(d:/Program Files (x86)/texlive/2024/texmf-dist/tex/latex/epstopdf-pkg/epstopdf
-base.sty
Package: epstopdf-base 2020-01-24 v2.11 Base part for package epstopdf
Package epstopdf-base Info: Redefining graphics rule for `.eps' on input line 4
85.

(d:/Program Files (x86)/texlive/2024/texmf-dist/tex/latex/latexconfig/epstopdf-
sys.cfg
File: epstopdf-sys.cfg 2010/07/13 v1.3 Configuration of (r)epstopdf for TeX Liv
e
))
Package caption Info: Begin \AtBeginDocument code.
Package caption Info: End \AtBeginDocument code.
LaTeX Font Info:    Trying to load font information for C70+rm on input line 50
.

(d:/Program Files (x86)/texlive/2024/texmf-dist/tex/latex/ctex/fd/c70rm.fd
File: c70rm.fd 2022/07/14 v2.5.10 Chinese font definition (CTEX)
)
Package CJKpunct Info: use punctuation spaces for family 'rm' with punctstyle (
quanjiao) on input line 50.
<bbc.jpg, id=9, 414.54875pt x 593.21625pt>
File: bbc.jpg Graphic file (type jpg)
<use bbc.jpg>
Package pdftex.def Info: bbc.jpg  used on input line 56.
(pdftex.def)             Requested size: 137.60461pt x 196.91153pt.


LaTeX Font Warning: Font shape `OMX/cmex/m/n' in size <10.53937> not available
(Font)              size <10.95> substituted on input line 59.

<hqd.png, id=11, 144.2991pt x 216.81pt>
File: hqd.png Graphic file (type png)
<use hqd.png>
Package pdftex.def Info: hqd.png  used on input line 62.
(pdftex.def)             Requested size: 131.14825pt x 197.05258pt.
<xy.jpg, id=13, 99.59325pt x 142.28583pt>
File: xy.jpg Graphic file (type jpg)
<use xy.jpg>
Package pdftex.def Info: xy.jpg  used on input line 68.
(pdftex.def)             Requested size: 137.60461pt x 196.61949pt.
./HW15.tex:85: Undefined control sequence.
l.85 ...à§Êñ≠ÊòØÂê¶Êé•ÂèóÁøªËΩ¨ÔºöÂ¶ÇÊûú \(\DeltaE
                                                   < 0\)ÔºåÂàôÊé•ÂèóÁøªËΩ¨Ôº...
The control sequence at the end of the top line
of your error message was never \def'ed. If you have
misspelled it (e.g., `\hobx'), type `I' and the correct
spelling (e.g., `I\hbox'). Otherwise just continue,
and I'll forget about whatever was undefined.

./HW15.tex:85: Undefined control sequence.
l.85 ...óÁøªËΩ¨ÔºõÂê¶ÂàôÔºå‰ª•Ê¶ÇÁéá \(e^{-\DeltaE
                                                  /kT}\) Êé•ÂèóÁøªËΩ¨„ÄÇ
The control sequence at the end of the top line
of your error message was never \def'ed. If you have
misspelled it (e.g., `\hobx'), type `I' and the correct
spelling (e.g., `I\hbox'). Otherwise just continue,
and I'll forget about whatever was undefined.


(d:/Program Files (x86)/texlive/2024/texmf-dist/tex/generic/ctex/zhmap/ctex-zhm
ap-windows.tex
File: ctex-zhmap-windows.tex 2022/07/14 v2.5.10 Windows font map loader for pdf
TeX and DVIPDFMx (CTEX)
{d:/Program Files (x86)/texlive/2024/texmf-var/fonts/map/pdftex/updmap/pdftex.m
ap}{UGBK.sfd}{Unicode.sfd}) [1

 <./bbc.jpg> <./hqd.png> <./xy.jpg>]
(d:/Program Files (x86)/texlive/2024/texmf-dist/tex/latex/listings/lstlang1.sty
File: lstlang1.sty 2024/02/21 1.10 listings language file
)
LaTeX Font Info:    Trying to load font information for C70+zhfs on input line 
104.

(d:/Program Files (x86)/texlive/2024/texmf-dist/tex/latex/zhmetrics/c70zhfs.fd
File: c70zhfs.fd 2009/09/23 4.8.2
) [2]
<1.1.1.png, id=144, 867.24pt x 428.60126pt>
File: 1.1.1.png Graphic file (type png)
<use 1.1.1.png>
Package pdftex.def Info: 1.1.1.png  used on input line 139.
(pdftex.def)             Requested size: 360.32135pt x 178.07657pt.
<1.1.2.png, id=145, 867.24pt x 428.60126pt>
File: 1.1.2.png Graphic file (type png)
<use 1.1.2.png>
Package pdftex.def Info: 1.1.2.png  used on input line 144.
(pdftex.def)             Requested size: 360.32135pt x 178.07657pt.
 [3 <./1.1.1.png> <./1.1.2.png>]
<1.2.1.png, id=159, 867.24pt x 428.60126pt>
File: 1.2.1.png Graphic file (type png)
<use 1.2.1.png>
Package pdftex.def Info: 1.2.1.png  used on input line 155.
(pdftex.def)             Requested size: 360.32135pt x 178.07657pt.
<1.2.2.png, id=160, 867.24pt x 428.60126pt>
File: 1.2.2.png Graphic file (type png)
<use 1.2.2.png>
Package pdftex.def Info: 1.2.2.png  used on input line 160.
(pdftex.def)             Requested size: 360.32135pt x 178.07657pt.
 [4 <./1.2.1.png> <./1.2.2.png>]
<1.3.1.png, id=169, 867.24pt x 428.60126pt>
File: 1.3.1.png Graphic file (type png)
<use 1.3.1.png>
Package pdftex.def Info: 1.3.1.png  used on input line 183.
(pdftex.def)             Requested size: 360.32135pt x 178.07657pt.
<1.3.2.png, id=170, 867.24pt x 428.60126pt>
File: 1.3.2.png Graphic file (type png)
<use 1.3.2.png>
Package pdftex.def Info: 1.3.2.png  used on input line 188.
(pdftex.def)             Requested size: 360.32135pt x 178.07657pt.
 [5 <./1.3.1.png> <./1.3.2.png>]
<1.4.png, id=179, 868.24374pt x 651.43375pt>
File: 1.4.png Graphic file (type png)
<use 1.4.png>
Package pdftex.def Info: 1.4.png  used on input line 219.
(pdftex.def)             Requested size: 237.34357pt x 178.07657pt.
 [6 <./1.4.png>]
<1.5.png, id=187, 868.24374pt x 651.43375pt>
File: 1.5.png Graphic file (type png)
<use 1.5.png>
Package pdftex.def Info: 1.5.png  used on input line 237.
(pdftex.def)             Requested size: 237.34357pt x 178.07657pt.
<1.6.png, id=189, 868.24374pt x 651.43375pt>
File: 1.6.png Graphic file (type png)
<use 1.6.png>
Package pdftex.def Info: 1.6.png  used on input line 249.
(pdftex.def)             Requested size: 237.34357pt x 178.07657pt.
 [7{d:/Program Files (x86)/texlive/2024/texmf-dist/fonts/enc/dvips/cm-super/cm-
super-ts1.enc} <./1.5.png>]
(d:/Program Files (x86)/texlive/2024/texmf-dist/tex/latex/listings/lstlang1.sty
File: lstlang1.sty 2024/02/21 1.10 listings language file
) [8 <./1.6.png>] [9] [10]
<fig2_1_1.png, id=215, 1003.75pt x 752.8125pt>
File: fig2_1_1.png Graphic file (type png)
<use fig2_1_1.png>
Package pdftex.def Info: fig2_1_1.png  used on input line 372.
(pdftex.def)             Requested size: 311.61876pt x 233.71913pt.
<fig2_1_2.png, id=216, 441.90094pt x 100.12407pt>
File: fig2_1_2.png Graphic file (type png)
<use fig2_1_2.png>
Package pdftex.def Info: fig2_1_2.png  used on input line 377.
(pdftex.def)             Requested size: 294.73026pt x 66.77446pt.


LaTeX Warning: `h' float specifier changed to `ht'.


LaTeX Warning: `h' float specifier changed to `ht'.

[11] [12 <./fig2_1_1.png> <./fig2_1_2.png>]
<fig2_2.png, id=225, 313.17pt x 67.0003pt>
File: fig2_2.png Graphic file (type png)
<use fig2_2.png>
Package pdftex.def Info: fig2_2.png  used on input line 415.
(pdftex.def)             Requested size: 208.08817pt x 44.51913pt.
 [13 <./fig2_2.png>]
<fig2_4.png, id=231, 1003.75pt x 752.8125pt>
File: fig2_4.png Graphic file (type png)
<use fig2_4.png>
Package pdftex.def Info: fig2_4.png  used on input line 463.
(pdftex.def)             Requested size: 311.61876pt x 233.71913pt.


LaTeX Warning: `h' float specifier changed to `ht'.

[14]
<3.1.1.png, id=235, 867.24pt x 433.62pt>
File: 3.1.1.png Graphic file (type png)
<use 3.1.1.png>
Package pdftex.def Info: 3.1.1.png  used on input line 474.
(pdftex.def)             Requested size: 267.10811pt x 133.55742pt.
<3.1.2.png, id=236, 867.24pt x 289.08pt>
File: 3.1.2.png Graphic file (type png)
<use 3.1.2.png>
Package pdftex.def Info: 3.1.2.png  used on input line 483.
(pdftex.def)             Requested size: 400.66878pt x 133.55742pt.
<3.1.3.png, id=237, 867.24pt x 433.62pt>
File: 3.1.3.png Graphic file (type png)
<use 3.1.3.png>
Package pdftex.def Info: 3.1.3.png  used on input line 488.
(pdftex.def)             Requested size: 356.15295pt x 178.07657pt.
 [15 <./fig2_4.png> <./3.1.1.png>]
<3.2.1.png, id=245, 867.24pt x 289.08pt>
File: 3.2.1.png Graphic file (type png)
<use 3.2.1.png>
Package pdftex.def Info: 3.2.1.png  used on input line 498.
(pdftex.def)             Requested size: 400.66878pt x 133.55742pt.
<3.2.2.png, id=246, 867.24pt x 433.62pt>
File: 3.2.2.png Graphic file (type png)
<use 3.2.2.png>
Package pdftex.def Info: 3.2.2.png  used on input line 503.
(pdftex.def)             Requested size: 356.15295pt x 178.07657pt.


LaTeX Warning: `h' float specifier changed to `ht'.


LaTeX Warning: `h' float specifier changed to `ht'.


Overfull \hbox (17.68425pt too wide) in paragraph at lines 507--508
[]\C70/rm/m/n/10.53937/4e Œ \C70/rm/m/n/10.53937/56 ˛ \C70/rm/m/n/10.53937/4e -
 \C70/rm/m/n/10.53937/62 ^^Q \C70/rm/m/n/10.53937/4e Ï ^^M \C70/rm/m/n/10.53937
/96 æ \C70/rm/m/n/10.53937/77  \C70/rm/m/n/10.53937/51 ˙|\C70/rm/m/n/10.53937/
ff ^^L| \C70/rm/m/n/10.53937/57 (\OT1/cmr/m/n/10.53937 T=4\C70/rm/m/n/10.53937/
76 Ñ \C70/rm/m/n/10.53937/60 ≈ \C70/rm/m/n/10.53937/5f b \C70/rm/m/n/10.53937/4
e |\C70/rm/m/n/10.53937/ff ^^L| \C70/rm/m/n/10.53937/7c ˚ \C70/rm/m/n/10.53937
/7e ﬂ \C70/rm/m/n/10.53937/80 ˝ \C70/rm/m/n/10.53937/91 œ \C70/rm/m/n/10.53937/
8f æ \C70/rm/m/n/10.53937/52 0 \C70/rm/m/n/10.53937/7a 3 \C70/rm/m/n/10.53937/5
b ö \C70/rm/m/n/10.53937/60 ≈ \C70/rm/m/n/10.53937/51 µ \C70/rm/m/n/10.53937/65
 ˆ \C70/rm/m/n/10.53937/97 ^^@ \C70/rm/m/n/10.53937/89 Å \C70/rm/m/n/10.53937/5
c ^^F \C70/rm/m/n/10.53937/8f —\OT1/cmr/m/n/10.53937 20000\C70/rm/m/n/10.53937/
6b e|\C70/rm/m/n/10.53937/ff ^^L| \C70/rm/m/n/10.53937/6b ‘\OT1/cmr/m/n/10.5393
7 (a)\C70/rm/m/n/10.53937/95 Ó
 []

[16 <./3.1.2.png> <./3.1.3.png>] [17 <./3.2.1.png> <./3.2.2.png>]
<3.3.1.png, id=259, 867.24pt x 304.13625pt>
File: 3.3.1.png Graphic file (type png)
<use 3.3.1.png>
Package pdftex.def Info: 3.3.1.png  used on input line 517.
(pdftex.def)             Requested size: 317.3538pt x 111.29361pt.
<3.3.2.png, id=260, 867.24pt x 289.08pt>
File: 3.3.2.png Graphic file (type png)
<use 3.3.2.png>
Package pdftex.def Info: 3.3.2.png  used on input line 525.
(pdftex.def)             Requested size: 333.88182pt x 111.29361pt.
<3.3.3.png, id=261, 867.24pt x 289.08pt>
File: 3.3.3.png Graphic file (type png)
<use 3.3.3.png>
Package pdftex.def Info: 3.3.3.png  used on input line 533.
(pdftex.def)             Requested size: 333.88182pt x 111.29361pt.
 [18 <./3.3.1.png> <./3.3.2.png> <./3.3.3.png>]
<3.3.4.1.png, id=270, 543.02875pt x 374.39874pt>
File: 3.3.4.1.png Graphic file (type png)
<use 3.3.4.1.png>
Package pdftex.def Info: 3.3.4.1.png  used on input line 545.
(pdftex.def)             Requested size: 193.70871pt x 133.55742pt.
<3.3.4.2.png, id=271, 539.01375pt x 309.155pt>
File: 3.3.4.2.png Graphic file (type png)
<use 3.3.4.2.png>
Package pdftex.def Info: 3.3.4.2.png  used on input line 550.
(pdftex.def)             Requested size: 194.03658pt x 111.29361pt.
<3.5.1.png, id=272, 599.23875pt x 382.42876pt>
File: 3.5.1.png Graphic file (type png)
<use 3.5.1.png>
Package pdftex.def Info: 3.5.1.png  used on input line 560.
(pdftex.def)             Requested size: 209.27037pt x 133.55742pt.
<3.5.2.png, id=273, 605.26125pt x 388.45125pt>
File: 3.5.2.png Graphic file (type png)
<use 3.5.2.png>
Package pdftex.def Info: 3.5.2.png  used on input line 565.
(pdftex.def)             Requested size: 208.1042pt x 133.55742pt.


LaTeX Warning: `h' float specifier changed to `ht'.


LaTeX Warning: `h' float specifier changed to `ht'.

<3.6.png, id=276, 868.24374pt x 208.78pt>
File: 3.6.png Graphic file (type png)
<use 3.6.png>
Package pdftex.def Info: 3.6.png  used on input line 575.
(pdftex.def)             Requested size: 277.69794pt x 66.77446pt.
[19 <./3.3.4.1.png> <./3.3.4.2.png>]
<3.7.1.png, id=283, 646.415pt x 425.59pt>
File: 3.7.1.png Graphic file (type png)
<use 3.7.1.png>
Package pdftex.def Info: 3.7.1.png  used on input line 583.
(pdftex.def)             Requested size: 270.4765pt x 178.07657pt.
<3.7.2.png, id=284, 643.40375pt x 376.40625pt>
File: 3.7.2.png Graphic file (type png)
<use 3.7.2.png>
Package pdftex.def Info: 3.7.2.png  used on input line 588.
(pdftex.def)             Requested size: 304.40257pt x 178.07657pt.


LaTeX Warning: `h' float specifier changed to `ht'.


LaTeX Warning: `h' float specifier changed to `ht'.

[20 <./3.5.1.png> <./3.5.2.png> <./3.6.png>] [21 <./3.7.1.png> <./3.7.2.png>]
[22] [23]
<fig_4_1.png, id=306, 422.57875pt x 316.18124pt>
File: fig_4_1.png Graphic file (type png)
<use fig_4_1.png>
Package pdftex.def Info: fig_4_1.png  used on input line 681.
(pdftex.def)             Requested size: 312.37453pt x 233.71913pt.

(d:/Program Files (x86)/texlive/2024/texmf-dist/tex/latex/listings/lstlang1.sty
File: lstlang1.sty 2024/02/21 1.10 listings language file
)
(d:/Program Files (x86)/texlive/2024/texmf-dist/tex/latex/listings/lstlang1.sty
File: lstlang1.sty 2024/02/21 1.10 listings language file
)
(d:/Program Files (x86)/texlive/2024/texmf-dist/tex/latex/listings/lstmisc.sty
File: lstmisc.sty 2024/02/21 1.10 (Carsten Heinz)
) [24 <./fig_4_1.png>] [25] [26]
<fig_4_2.png, id=318, 422.57875pt x 316.18124pt>
File: fig_4_2.png Graphic file (type png)
<use fig_4_2.png>
Package pdftex.def Info: fig_4_2.png  used on input line 807.
(pdftex.def)             Requested size: 312.37453pt x 233.71913pt.

./HW15.tex:808: Missing $ inserted.
<inserted text> 
                $
l.808         \caption{ln M^2 - ln L}
                                     \label{fig:4.2}
I've inserted a begin-math/end-math symbol since I think
you left one out. Proceed, with fingers crossed.

./HW15.tex:808: Missing $ inserted.
<inserted text> 
                $
l.808         \caption{ln M^2 - ln L}
                                     \label{fig:4.2}
I've inserted a begin-math/end-math symbol since I think
you left one out. Proceed, with fingers crossed.

./HW15.tex:808: Missing $ inserted.
<inserted text> 
                $
l.808         \caption{ln M^2 - ln L}
                                     \label{fig:4.2}
I've inserted a begin-math/end-math symbol since I think
you left one out. Proceed, with fingers crossed.

./HW15.tex:808: Missing $ inserted.
<inserted text> 
                $
l.808         \caption{ln M^2 - ln L}
                                     \label{fig:4.2}
I've inserted a begin-math/end-math symbol since I think
you left one out. Proceed, with fingers crossed.


LaTeX Warning: `h' float specifier changed to `ht'.

[27] [28 <./fig_4_2.png>] [29]
<fig_4_4_1.png, id=333, 422.57875pt x 268.00125pt>
File: fig_4_4_1.png Graphic file (type png)
<use fig_4_4_1.png>
Package pdftex.def Info: fig_4_4_1.png  used on input line 872.
(pdftex.def)             Requested size: 210.58601pt x 133.55742pt.

Overfull \hbox (29.98486pt too wide) in paragraph at lines 872--873
[][] 
 []

<fig_4_4_2.png, id=334, 422.57875pt x 271.0125pt>
File: fig_4_4_2.png Graphic file (type png)
<use fig_4_4_2.png>
Package pdftex.def Info: fig_4_4_2.png  used on input line 877.
(pdftex.def)             Requested size: 208.25827pt x 133.55742pt.

Overfull \hbox (27.65712pt too wide) in paragraph at lines 877--878
[][] 
 []

<fig_4_4_3.png, id=335, 422.57875pt x 221.82875pt>
File: fig_4_4_3.png Graphic file (type png)
<use fig_4_4_3.png>
Package pdftex.def Info: fig_4_4_3.png  used on input line 882.
(pdftex.def)             Requested size: 212.01103pt x 111.29361pt.

Overfull \hbox (31.40988pt too wide) in paragraph at lines 882--883
[][] 
 []

<fig_4_4_4.png, id=336, 422.57875pt x 221.82875pt>
File: fig_4_4_4.png Graphic file (type png)
<use fig_4_4_4.png>
Package pdftex.def Info: fig_4_4_4.png  used on input line 887.
(pdftex.def)             Requested size: 212.01103pt x 111.29361pt.

Overfull \hbox (31.40988pt too wide) in paragraph at lines 887--888
[][] 
 []

[30 <./fig_4_4_1.png> <./fig_4_4_2.png> <./fig_4_4_3.png> <./fig_4_4_4.png>]
[31]
<fig_4_5_1.png, id=369, 72.64641pt x 71.8936pt>
File: fig_4_5_1.png Graphic file (type png)
<use fig_4_5_1.png>
Package pdftex.def Info: fig_4_5_1.png  used on input line 946.
(pdftex.def)             Requested size: 134.96014pt x 133.55742pt.
<fig_4_5_2.png, id=370, 268.00125pt x 203.76125pt>
File: fig_4_5_2.png Graphic file (type png)
<use fig_4_5_2.png>
Package pdftex.def Info: fig_4_5_2.png  used on input line 951.
(pdftex.def)             Requested size: 175.6709pt x 133.55742pt.
<fig_4_5_3.png, id=371, 272.01625pt x 205.76875pt>
File: fig_4_5_3.png Graphic file (type png)
<use fig_4_5_3.png>
Package pdftex.def Info: fig_4_5_3.png  used on input line 956.
(pdftex.def)             Requested size: 176.55527pt x 133.55742pt.
<fig_4_5_4.png, id=372, 273.02pt x 261.97874pt>
File: fig_4_5_4.png Graphic file (type png)
<use fig_4_5_4.png>
Package pdftex.def Info: fig_4_5_4.png  used on input line 961.
(pdftex.def)             Requested size: 139.18835pt x 133.55742pt.
<fig_4_5_5.png, id=373, 280.04625pt x 264.99pt>
File: fig_4_5_5.png Graphic file (type png)
<use fig_4_5_5.png>
Package pdftex.def Info: fig_4_5_5.png  used on input line 966.
(pdftex.def)             Requested size: 141.1466pt x 133.55742pt.
<fig_4_5_6.png, id=374, 285.065pt x 261.97874pt>
File: fig_4_5_6.png Graphic file (type png)
<use fig_4_5_6.png>
Package pdftex.def Info: fig_4_5_6.png  used on input line 971.
(pdftex.def)             Requested size: 145.32903pt x 133.55742pt.
 [32 <./fig_4_5_1.png> <./fig_4_5_2.png> <./fig_4_5_3.png> <./fig_4_5_4.png> <.
/fig_4_5_5.png> <./fig_4_5_6.png>] [33] [34] [35] [36]
<fig5_1.png, id=396, 369.38pt x 261.97874pt>
File: fig5_1.png Graphic file (type png)
<use fig5_1.png>
Package pdftex.def Info: fig5_1.png  used on input line 1138.
(pdftex.def)             Requested size: 188.31366pt x 133.55742pt.

Overfull \hbox (7.71251pt too wide) in paragraph at lines 1138--1139
[][] 
 []

<fig5_2.png, id=397, 364.36125pt x 257.96375pt>
File: fig5_2.png Graphic file (type png)
<use fig5_2.png>
Package pdftex.def Info: fig5_2.png  used on input line 1143.
(pdftex.def)             Requested size: 188.6461pt x 133.55742pt.

Overfull \hbox (8.04495pt too wide) in paragraph at lines 1143--1144
[][] 
 []

[37 <./fig5_1.png> <./fig5_2.png>]
(C:/Users/Kiddo_Tsukuyomi/Ê°åÈù¢/file/Project/HW15/extra/Proj/out/HW15.aux)
 ***********
LaTeX2e <2023-11-01> patch level 1
L3 programming layer <2022/07/14>
 ***********


LaTeX Font Warning: Size substitutions with differences
(Font)              up to 0.41063pt have occurred.

 ) 
Here is how much of TeX's memory you used:
 12783 strings out of 474116
 227154 string characters out of 5737623
 2345190 words of memory out of 5000000
 34746 multiletter control sequences out of 15000+600000
 599989 words of font info for 187 fonts, out of 8000000 for 9000
 1141 hyphenation exceptions out of 8191
 80i,9n,83p,797b,1839s stack positions out of 10000i,1000n,20000p,200000b,200000s
<c:/Windows/Fonts/simsun.ttc><c:/Windows/Fonts/simfang.ttf><c:/Windows/Fonts/
simfang.ttf><c:/Windows/Fonts/simfang.ttf><c:/Windows/Fonts/simfang.ttf><c:/Win
dows/Fonts/simfang.ttf><c:/Windows/Fonts/simfang.ttf><c:/Windows/Fonts/simfang.
ttf><c:/Windows/Fonts/simfang.ttf><c:/Windows/Fonts/simfang.ttf><c:/Windows/Fon
ts/simfang.ttf><c:/Windows/Fonts/simfang.ttf><c:/Windows/Fonts/simfang.ttf><c:/
Windows/Fonts/simfang.ttf><c:/Windows/Fonts/simfang.ttf><c:/Windows/Fonts/simfa
ng.ttf><c:/Windows/Fonts/simfang.ttf><c:/Windows/Fonts/simfang.ttf><c:/Windows/
Fonts/simfang.ttf><c:/Windows/Fonts/simsun.ttc><c:/Windows/Fonts/simsun.ttc><c:
/Windows/Fonts/simsun.ttc><c:/Windows/Fonts/simsun.ttc><c:/Windows/Fonts/simsun
.ttc><c:/Windows/Fonts/simsun.ttc><c:/Windows/Fonts/simsun.ttc><c:/Windows/Font
s/simsun.ttc><c:/Windows/Fonts/simsun.ttc><c:/Windows/Fonts/simsun.ttc><c:/Wind
ows/Fonts/simsun.ttc><c:/Windows/Fonts/simsun.ttc><c:/Windows/Fonts/simsun.ttc>
<c:/Windows/Fonts/simsun.ttc><c:/Windows/Fonts/simsun.ttc><c:/Windows/Fonts/sim
sun.ttc><c:/Windows/Fonts/simsun.ttc><c:/Windows/Fonts/simsun.ttc><c:/Windows/F
onts/simsun.ttc><c:/Windows/Fonts/simsun.ttc><c:/Windows/Fonts/simsun.ttc><c:/W
indows/Fonts/simfang.ttf><c:/Windows/Fonts/simfang.ttf><c:/Windows/Fonts/simfan
g.ttf><c:/Windows/Fonts/simfang.ttf><c:/Windows/Fonts/simfang.ttf><c:/Windows/F
onts/simfang.ttf><c:/Windows/Fonts/simfang.ttf><c:/Windows/Fonts/simfang.ttf><c
:/Windows/Fonts/simfang.ttf><c:/Windows/Fonts/simfang.ttf><c:/Windows/Fonts/sim
fang.ttf><c:/Windows/Fonts/simfang.ttf><c:/Windows/Fonts/simfang.ttf><c:/Window
s/Fonts/simfang.ttf><c:/Windows/Fonts/simsun.ttc><c:/Windows/Fonts/simsun.ttc><
c:/Windows/Fonts/simsun.ttc><c:/Windows/Fonts/simsun.ttc><c:/Windows/Fonts/sims
un.ttc><c:/Windows/Fonts/simsun.ttc><c:/Windows/Fonts/simsun.ttc><c:/Windows/Fo
nts/simsun.ttc><c:/Windows/Fonts/simsun.ttc><c:/Windows/Fonts/simsun.ttc><c:/Wi
ndows/Fonts/simsun.ttc><c:/Windows/Fonts/simsun.ttc><c:/Windows/Fonts/simsun.tt
c><c:/Windows/Fonts/simsun.ttc><c:/Windows/Fonts/simsun.ttc><c:/Windows/Fonts/s
imsun.ttc><c:/Windows/Fonts/simsun.ttc><c:/Windows/Fonts/simsun.ttc><c:/Windows
/Fonts/simsun.ttc><c:/Windows/Fonts/simsun.ttc><c:/Windows/Fonts/simsun.ttc><c:
/Windows/Fonts/simsun.ttc><c:/Windows/Fonts/simsun.ttc><c:/Windows/Fonts/simsun
.ttc><c:/Windows/Fonts/simsun.ttc><c:/Windows/Fonts/simsun.ttc><c:/Windows/Font
s/simsun.ttc><c:/Windows/Fonts/simsun.ttc><c:/Windows/Fonts/simsun.ttc><c:/Wind
ows/Fonts/simsun.ttc><c:/Windows/Fonts/simsun.ttc><c:/Windows/Fonts/simsun.ttc>
<c:/Windows/Fonts/simsun.ttc><c:/Windows/Fonts/simsun.ttc><c:/Windows/Fonts/sim
sun.ttc><c:/Windows/Fonts/simsun.ttc><c:/Windows/Fonts/simsun.ttc><c:/Windows/F
onts/simsun.ttc><c:/Windows/Fonts/simsun.ttc><c:/Windows/Fonts/simsun.ttc><c:/W
indows/Fonts/simsun.ttc><c:/Windows/Fonts/simsun.ttc><c:/Windows/Fonts/simsun.t
tc><c:/Windows/Fonts/simsun.ttc><c:/Windows/Fonts/simsun.ttc><c:/Windows/Fonts/
simsun.ttc><c:/Windows/Fonts/simsun.ttc><c:/Windows/Fonts/simsun.ttc><c:/Window
s/Fonts/simsun.ttc><c:/Windows/Fonts/simsun.ttc><c:/Windows/Fonts/simsun.ttc><d
:/Program Files (x86)/texlive/2024/texmf-dist/fonts/type1/public/amsfonts/cm/cm
bx10.pfb><d:/Program Files (x86)/texlive/2024/texmf-dist/fonts/type1/public/ams
fonts/cm/cmbx12.pfb><d:/Program Files (x86)/texlive/2024/texmf-dist/fonts/type1
/public/amsfonts/cm/cmitt10.pfb><d:/Program Files (x86)/texlive/2024/texmf-dist
/fonts/type1/public/amsfonts/cm/cmmi10.pfb><d:/Program Files (x86)/texlive/2024
/texmf-dist/fonts/type1/public/amsfonts/cm/cmmi5.pfb><d:/Program Files (x86)/te
xlive/2024/texmf-dist/fonts/type1/public/amsfonts/cm/cmmi7.pfb><d:/Program File
s (x86)/texlive/2024/texmf-dist/fonts/type1/public/amsfonts/cm/cmmi9.pfb><d:/Pr
ogram Files (x86)/texlive/2024/texmf-dist/fonts/type1/public/amsfonts/cm/cmr10.
pfb><d:/Program Files (x86)/texlive/2024/texmf-dist/fonts/type1/public/amsfonts
/cm/cmr6.pfb><d:/Program Files (x86)/texlive/2024/texmf-dist/fonts/type1/public
/amsfonts/cm/cmr7.pfb><d:/Program Files (x86)/texlive/2024/texmf-dist/fonts/typ
e1/public/amsfonts/cm/cmr9.pfb><d:/Program Files (x86)/texlive/2024/texmf-dist/
fonts/type1/public/amsfonts/cm/cmsl10.pfb><d:/Program Files (x86)/texlive/2024/
texmf-dist/fonts/type1/public/amsfonts/cm/cmsy10.pfb><d:/Program Files (x86)/te
xlive/2024/texmf-dist/fonts/type1/public/amsfonts/cm/cmsy7.pfb><d:/Program File
s (x86)/texlive/2024/texmf-dist/fonts/type1/public/amsfonts/cm/cmsy9.pfb><d:/Pr
ogram Files (x86)/texlive/2024/texmf-dist/fonts/type1/public/amsfonts/cm/cmtt10
.pfb><d:/Program Files (x86)/texlive/2024/texmf-dist/fonts/type1/public/amsfont
s/cm/cmtt9.pfb><d:/Program Files (x86)/texlive/2024/texmf-dist/fonts/type1/publ
ic/amsfonts/latxfont/lcircle1.pfb><d:/Program Files (x86)/texlive/2024/texmf-di
st/fonts/type1/public/cm-super/sfrm1000.pfb>
Output written on C:/Users/Kiddo_Tsukuyomi/Ê°åÈù¢/file/Project/HW15/extra/Proj/
out/HW15.pdf (37 pages, 3805774 bytes).
PDF statistics:
 807 PDF objects out of 1000 (max. 8388607)
 459 compressed objects within 5 object streams
 0 named destinations out of 1000 (max. 500000)
 518 words of extra memory for PDF output out of 10000 (max. 10000000)

