This is pdfTeX, Version 3.141592653-2.6-1.40.26 (TeX Live 2024) (preloaded format=pdflatex 2024.5.16)  4 JUL 2024 20:16
entering extended mode
 restricted \write18 enabled.
 file:line:error style messages enabled.
 %&-line parsing enabled.
**HW10.tex
(./HW10.tex
LaTeX2e <2023-11-01> patch level 1
L3 programming layer <2024-02-20>
(d:/Program Files (x86)/texlive/2024/texmf-dist/tex/latex/ctex/ctexart.cls
(d:/Program Files (x86)/texlive/2024/texmf-dist/tex/latex/ctex/config/ctexbacke
nd.cfg
File: ctexbackend.cfg 2022/07/14 v2.5.10 Backend configuration file (CTEX)
)
(d:/Program Files (x86)/texlive/2024/texmf-dist/tex/latex/l3kernel/expl3.sty
Package: expl3 2024-02-20 L3 programming layer (loader) 

(d:/Program Files (x86)/texlive/2024/texmf-dist/tex/latex/l3backend/l3backend-p
dftex.def
File: l3backend-pdftex.def 2024-02-20 L3 backend support: PDF output (pdfTeX)
\l__color_backend_stack_int=\count188
\l__pdf_internal_box=\box51
))
Document Class: ctexart 2022/07/14 v2.5.10 Chinese adapter for class article (C
TEX)
(d:/Program Files (x86)/texlive/2024/texmf-dist/tex/latex/ctex/ctexhook.sty
Package: ctexhook 2022/07/14 v2.5.10 Document and package hooks (CTEX)
)
(d:/Program Files (x86)/texlive/2024/texmf-dist/tex/latex/ctex/ctexpatch.sty
Package: ctexpatch 2022/07/14 v2.5.10 Patching commands (CTEX)
)
(d:/Program Files (x86)/texlive/2024/texmf-dist/tex/latex/base/fix-cm.sty
Package: fix-cm 2020/11/24 v1.1t fixes to LaTeX

(d:/Program Files (x86)/texlive/2024/texmf-dist/tex/latex/base/ts1enc.def
File: ts1enc.def 2001/06/05 v3.0e (jk/car/fm) Standard LaTeX file
LaTeX Font Info:    Redeclaring font encoding TS1 on input line 47.
))
\l__ctex_tmp_int=\count189
\l__ctex_tmp_box=\box52
\l__ctex_tmp_dim=\dimen140
\g__ctex_section_depth_int=\count190
\g__ctex_font_size_int=\count191

(d:/Program Files (x86)/texlive/2024/texmf-dist/tex/latex/ctex/config/ctexopts.
cfg
File: ctexopts.cfg 2022/07/14 v2.5.10 Option configuration file (CTEX)
) (d:/Program Files (x86)/texlive/2024/texmf-dist/tex/latex/base/article.cls
Document Class: article 2023/05/17 v1.4n Standard LaTeX document class
(d:/Program Files (x86)/texlive/2024/texmf-dist/tex/latex/base/size10.clo
File: size10.clo 2023/05/17 v1.4n Standard LaTeX file (size option)
)
\c@part=\count192
\c@section=\count193
\c@subsection=\count194
\c@subsubsection=\count195
\c@paragraph=\count196
\c@subparagraph=\count197
\c@figure=\count198
\c@table=\count199
\abovecaptionskip=\skip48
\belowcaptionskip=\skip49
\bibindent=\dimen141
)
(d:/Program Files (x86)/texlive/2024/texmf-dist/tex/latex/ctex/engine/ctex-engi
ne-pdftex.def
File: ctex-engine-pdftex.def 2022/07/14 v2.5.10 (pdf)LaTeX adapter (CTEX)

(d:/Program Files (x86)/texlive/2024/texmf-dist/tex/latex/cjk/texinput/CJKutf8.
sty
Package: CJKutf8 2021/10/16 4.8.5
 (d:/Program Files (x86)/texlive/2024/texmf-dist/tex/generic/iftex/ifpdf.sty
Package: ifpdf 2019/10/25 v3.4 ifpdf legacy package. Use iftex instead.
(d:/Program Files (x86)/texlive/2024/texmf-dist/tex/generic/iftex/iftex.sty
Package: iftex 2022/02/03 v1.0f TeX engine tests
))
(d:/Program Files (x86)/texlive/2024/texmf-dist/tex/latex/base/inputenc.sty
Package: inputenc 2021/02/14 v1.3d Input encoding file
\inpenc@prehook=\toks17
\inpenc@posthook=\toks18
)
(d:/Program Files (x86)/texlive/2024/texmf-dist/tex/latex/cjk/texinput/CJK.sty
Package: CJK 2021/10/16 4.8.5

(d:/Program Files (x86)/texlive/2024/texmf-dist/tex/latex/cjk/texinput/mule/MUL
Eenc.sty
Package: MULEenc 2021/10/16 4.8.5
)
(d:/Program Files (x86)/texlive/2024/texmf-dist/tex/latex/cjk/texinput/CJK.enc
File: CJK.enc 2021/10/16 4.8.5
Now handling font encoding C00 ...
... no UTF-8 mapping file for font encoding C00
Now handling font encoding C05 ...
... no UTF-8 mapping file for font encoding C05
Now handling font encoding C09 ...
... no UTF-8 mapping file for font encoding C09
Now handling font encoding C10 ...
... no UTF-8 mapping file for font encoding C10
Now handling font encoding C20 ...
... no UTF-8 mapping file for font encoding C20
Now handling font encoding C19 ...
... no UTF-8 mapping file for font encoding C19
Now handling font encoding C40 ...
... no UTF-8 mapping file for font encoding C40
Now handling font encoding C42 ...
... no UTF-8 mapping file for font encoding C42
Now handling font encoding C43 ...
... no UTF-8 mapping file for font encoding C43
Now handling font encoding C50 ...
... no UTF-8 mapping file for font encoding C50
Now handling font encoding C52 ...
... no UTF-8 mapping file for font encoding C52
Now handling font encoding C49 ...
... no UTF-8 mapping file for font encoding C49
Now handling font encoding C60 ...
... no UTF-8 mapping file for font encoding C60
Now handling font encoding C61 ...
... no UTF-8 mapping file for font encoding C61
Now handling font encoding C63 ...
... no UTF-8 mapping file for font encoding C63
Now handling font encoding C64 ...
... no UTF-8 mapping file for font encoding C64
Now handling font encoding C65 ...
... no UTF-8 mapping file for font encoding C65
Now handling font encoding C70 ...
... no UTF-8 mapping file for font encoding C70
Now handling font encoding C31 ...
... no UTF-8 mapping file for font encoding C31
Now handling font encoding C32 ...
... no UTF-8 mapping file for font encoding C32
Now handling font encoding C33 ...
... no UTF-8 mapping file for font encoding C33
Now handling font encoding C34 ...
... no UTF-8 mapping file for font encoding C34
Now handling font encoding C35 ...
... no UTF-8 mapping file for font encoding C35
Now handling font encoding C36 ...
... no UTF-8 mapping file for font encoding C36
Now handling font encoding C37 ...
... no UTF-8 mapping file for font encoding C37
Now handling font encoding C80 ...
... no UTF-8 mapping file for font encoding C80
Now handling font encoding C81 ...
... no UTF-8 mapping file for font encoding C81
Now handling font encoding C01 ...
... no UTF-8 mapping file for font encoding C01
Now handling font encoding C11 ...
... no UTF-8 mapping file for font encoding C11
Now handling font encoding C21 ...
... no UTF-8 mapping file for font encoding C21
Now handling font encoding C41 ...
... no UTF-8 mapping file for font encoding C41
Now handling font encoding C62 ...
... no UTF-8 mapping file for font encoding C62
)
\CJK@indent=\box53
) (d:/Program Files (x86)/texlive/2024/texmf-dist/tex/latex/base/fontenc.sty
Package: fontenc 2021/04/29 v2.0v Standard LaTeX package
))
(d:/Program Files (x86)/texlive/2024/texmf-dist/tex/latex/cjkpunct/CJKpunct.sty
Package: CJKpunct 2016/05/14 4.8.4
\CJKpunct@cnta=\count266
\CJKpunct@cntb=\count267
\CJKpunct@cntc=\count268
\CJKpunct@cntd=\count269
\CJKpunct@cnte=\count270
   defining Unicode char U+2018 (decimal 8216)
   defining Unicode char U+2019 (decimal 8217)
   defining Unicode char U+201C (decimal 8220)
   defining Unicode char U+201D (decimal 8221)
   defining Unicode char U+2014 (decimal 8212)
   defining Unicode char U+2026 (decimal 8230)

(d:/Program Files (x86)/texlive/2024/texmf-dist/tex/latex/cjkpunct/CJKpunct.spa
))
(d:/Program Files (x86)/texlive/2024/texmf-dist/tex/latex/cjk/texinput/CJKspace
.sty
Package: CJKspace 2021/10/16 3.8.0
)
(d:/Program Files (x86)/texlive/2024/texmf-dist/tex/latex/cjk/texinput/UTF8/UTF
8.bdg
File: UTF8.bdg 2021/10/16 4.8.5
)
(d:/Program Files (x86)/texlive/2024/texmf-dist/tex/latex/ctex/ctexspa.def
File: ctexspa.def 2022/07/14 v2.5.10 Space info for CJKpunct (CTEX)
)
\ccwd=\dimen142
\l__ctex_ccglue_skip=\skip50
)
\l__ctex_ziju_dim=\dimen143

(d:/Program Files (x86)/texlive/2024/texmf-dist/tex/latex/zhnumber/zhnumber.sty
Package: zhnumber 2022/07/14 v3.0 Typesetting numbers with Chinese glyphs
\l__zhnum_scale_int=\count271
\l__zhnum_tmp_int=\count272

(d:/Program Files (x86)/texlive/2024/texmf-dist/tex/latex/zhnumber/zhnumber-utf
8.cfg
File: zhnumber-utf8.cfg 2022/07/14 v3.0 Chinese numerals with UTF8 encoding
))
\l__ctex_heading_skip=\skip51

(d:/Program Files (x86)/texlive/2024/texmf-dist/tex/latex/ctex/scheme/ctex-sche
me-chinese-article.def
File: ctex-scheme-chinese-article.def 2022/07/14 v2.5.10 Chinese scheme for art
icle (CTEX)

(d:/Program Files (x86)/texlive/2024/texmf-dist/tex/latex/ctex/config/ctex-name
-utf8.cfg
File: ctex-name-utf8.cfg 2022/07/14 v2.5.10 Caption with encoding UTF-8 (CTEX)
))
(d:/Program Files (x86)/texlive/2024/texmf-dist/tex/latex/ctex/ctex-c5size.clo
File: ctex-c5size.clo 2022/07/14 v2.5.10 c5size option (CTEX)
)
(d:/Program Files (x86)/texlive/2024/texmf-dist/tex/latex/ctex/fontset/ctex-fon
tset-windows.def
File: ctex-fontset-windows.def 2022/07/14 v2.5.10 Windows fonts definition (CTE
X)
))
(d:/Program Files (x86)/texlive/2024/texmf-dist/tex/latex/ctex/config/ctex.cfg
File: ctex.cfg 2022/07/14 v2.5.10 Configuration file (CTEX)
)
(d:/Program Files (x86)/texlive/2024/texmf-dist/tex/latex/geometry/geometry.sty
Package: geometry 2020/01/02 v5.9 Page Geometry
(d:/Program Files (x86)/texlive/2024/texmf-dist/tex/latex/graphics/keyval.sty
Package: keyval 2022/05/29 v1.15 key=value parser (DPC)
\KV@toks@=\toks19
)
(d:/Program Files (x86)/texlive/2024/texmf-dist/tex/generic/iftex/ifvtex.sty
Package: ifvtex 2019/10/25 v1.7 ifvtex legacy package. Use iftex instead.
)
\Gm@cnth=\count273
\Gm@cntv=\count274
\c@Gm@tempcnt=\count275
\Gm@bindingoffset=\dimen144
\Gm@wd@mp=\dimen145
\Gm@odd@mp=\dimen146
\Gm@even@mp=\dimen147
\Gm@layoutwidth=\dimen148
\Gm@layoutheight=\dimen149
\Gm@layouthoffset=\dimen150
\Gm@layoutvoffset=\dimen151
\Gm@dimlist=\toks20
)
(d:/Program Files (x86)/texlive/2024/texmf-dist/tex/latex/listings/listings.sty
\lst@mode=\count276
\lst@gtempboxa=\box54
\lst@token=\toks21
\lst@length=\count277
\lst@currlwidth=\dimen152
\lst@column=\count278
\lst@pos=\count279
\lst@lostspace=\dimen153
\lst@width=\dimen154
\lst@newlines=\count280
\lst@lineno=\count281
\lst@maxwidth=\dimen155

(d:/Program Files (x86)/texlive/2024/texmf-dist/tex/latex/listings/lstpatch.sty
File: lstpatch.sty 2024/02/21 1.10 (Carsten Heinz)
)
(d:/Program Files (x86)/texlive/2024/texmf-dist/tex/latex/listings/lstmisc.sty
File: lstmisc.sty 2024/02/21 1.10 (Carsten Heinz)
\c@lstnumber=\count282
\lst@skipnumbers=\count283
\lst@framebox=\box55
)
(d:/Program Files (x86)/texlive/2024/texmf-dist/tex/latex/listings/listings.cfg
File: listings.cfg 2024/02/21 1.10 listings configuration
))
Package: listings 2024/02/21 1.10 (Carsten Heinz)
 (d:/Program Files (x86)/texlive/2024/texmf-dist/tex/latex/xcolor/xcolor.sty
Package: xcolor 2023/11/15 v3.01 LaTeX color extensions (UK)

(d:/Program Files (x86)/texlive/2024/texmf-dist/tex/latex/graphics-cfg/color.cf
g
File: color.cfg 2016/01/02 v1.6 sample color configuration
)
Package xcolor Info: Driver file: pdftex.def on input line 274.

(d:/Program Files (x86)/texlive/2024/texmf-dist/tex/latex/graphics-def/pdftex.d
ef
File: pdftex.def 2022/09/22 v1.2b Graphics/color driver for pdftex
)
(d:/Program Files (x86)/texlive/2024/texmf-dist/tex/latex/graphics/mathcolor.lt
x)
Package xcolor Info: Model `cmy' substituted by `cmy0' on input line 1350.
Package xcolor Info: Model `hsb' substituted by `rgb' on input line 1354.
Package xcolor Info: Model `RGB' extended on input line 1366.
Package xcolor Info: Model `HTML' substituted by `rgb' on input line 1368.
Package xcolor Info: Model `Hsb' substituted by `hsb' on input line 1369.
Package xcolor Info: Model `tHsb' substituted by `hsb' on input line 1370.
Package xcolor Info: Model `HSB' substituted by `hsb' on input line 1371.
Package xcolor Info: Model `Gray' substituted by `gray' on input line 1372.
Package xcolor Info: Model `wave' substituted by `hsb' on input line 1373.
)
(d:/Program Files (x86)/texlive/2024/texmf-dist/tex/latex/graphics/graphicx.sty
Package: graphicx 2021/09/16 v1.2d Enhanced LaTeX Graphics (DPC,SPQR)

(d:/Program Files (x86)/texlive/2024/texmf-dist/tex/latex/graphics/graphics.sty
Package: graphics 2022/03/10 v1.4e Standard LaTeX Graphics (DPC,SPQR)
(d:/Program Files (x86)/texlive/2024/texmf-dist/tex/latex/graphics/trig.sty
Package: trig 2021/08/11 v1.11 sin cos tan (DPC)
)
(d:/Program Files (x86)/texlive/2024/texmf-dist/tex/latex/graphics-cfg/graphics
.cfg
File: graphics.cfg 2016/06/04 v1.11 sample graphics configuration
)
Package graphics Info: Driver file: pdftex.def on input line 107.
)
\Gin@req@height=\dimen156
\Gin@req@width=\dimen157
)
(d:/Program Files (x86)/texlive/2024/texmf-dist/tex/latex/amsmath/amsmath.sty
Package: amsmath 2023/05/13 v2.17o AMS math features
\@mathmargin=\skip52

For additional information on amsmath, use the `?' option.
(d:/Program Files (x86)/texlive/2024/texmf-dist/tex/latex/amsmath/amstext.sty
Package: amstext 2021/08/26 v2.01 AMS text

(d:/Program Files (x86)/texlive/2024/texmf-dist/tex/latex/amsmath/amsgen.sty
File: amsgen.sty 1999/11/30 v2.0 generic functions
\@emptytoks=\toks22
\ex@=\dimen158
))
(d:/Program Files (x86)/texlive/2024/texmf-dist/tex/latex/amsmath/amsbsy.sty
Package: amsbsy 1999/11/29 v1.2d Bold Symbols
\pmbraise@=\dimen159
)
(d:/Program Files (x86)/texlive/2024/texmf-dist/tex/latex/amsmath/amsopn.sty
Package: amsopn 2022/04/08 v2.04 operator names
)
\inf@bad=\count284
LaTeX Info: Redefining \frac on input line 234.
\uproot@=\count285
\leftroot@=\count286
LaTeX Info: Redefining \overline on input line 399.
LaTeX Info: Redefining \colon on input line 410.
\classnum@=\count287
\DOTSCASE@=\count288
LaTeX Info: Redefining \ldots on input line 496.
LaTeX Info: Redefining \dots on input line 499.
LaTeX Info: Redefining \cdots on input line 620.
\Mathstrutbox@=\box56
\strutbox@=\box57
LaTeX Info: Redefining \big on input line 722.
LaTeX Info: Redefining \Big on input line 723.
LaTeX Info: Redefining \bigg on input line 724.
LaTeX Info: Redefining \Bigg on input line 725.
\big@size=\dimen160
LaTeX Font Info:    Redeclaring font encoding OML on input line 743.
LaTeX Font Info:    Redeclaring font encoding OMS on input line 744.
\macc@depth=\count289
LaTeX Info: Redefining \bmod on input line 905.
LaTeX Info: Redefining \pmod on input line 910.
LaTeX Info: Redefining \smash on input line 940.
LaTeX Info: Redefining \relbar on input line 970.
LaTeX Info: Redefining \Relbar on input line 971.
\c@MaxMatrixCols=\count290
\dotsspace@=\muskip16
\c@parentequation=\count291
\dspbrk@lvl=\count292
\tag@help=\toks23
\row@=\count293
\column@=\count294
\maxfields@=\count295
\andhelp@=\toks24
\eqnshift@=\dimen161
\alignsep@=\dimen162
\tagshift@=\dimen163
\tagwidth@=\dimen164
\totwidth@=\dimen165
\lineht@=\dimen166
\@envbody=\toks25
\multlinegap=\skip53
\multlinetaggap=\skip54
\mathdisplay@stack=\toks26
LaTeX Info: Redefining \[ on input line 2953.
LaTeX Info: Redefining \] on input line 2954.
)
(d:/Program Files (x86)/texlive/2024/texmf-dist/tex/latex/caption/subcaption.st
y
Package: subcaption 2023/07/28 v1.6b Sub-captions (AR)
 (d:/Program Files (x86)/texlive/2024/texmf-dist/tex/latex/caption/caption.sty
Package: caption 2023/08/05 v3.6o Customizing captions (AR)
(d:/Program Files (x86)/texlive/2024/texmf-dist/tex/latex/caption/caption3.sty
Package: caption3 2023/07/31 v2.4d caption3 kernel (AR)
\caption@tempdima=\dimen167
\captionmargin=\dimen168
\caption@leftmargin=\dimen169
\caption@rightmargin=\dimen170
\caption@width=\dimen171
\caption@indent=\dimen172
\caption@parindent=\dimen173
\caption@hangindent=\dimen174
Package caption Info: Standard document class detected.
)
\c@caption@flags=\count296
\c@continuedfloat=\count297
Package caption Info: listings package is loaded.
)
Package caption Info: New subtype `subfigure' on input line 238.
\c@subfigure=\count298
Package caption Info: New subtype `subtable' on input line 238.
\c@subtable=\count299
)
(d:/Program Files (x86)/texlive/2024/texmf-dist/tex/latex/listings/lstlang1.sty
File: lstlang1.sty 2024/02/21 1.10 listings language file
)
(d:/Program Files (x86)/texlive/2024/texmf-dist/tex/latex/listings/lstlang2.sty
File: lstlang2.sty 2024/02/21 1.10 listings language file
)
(d:/Program Files (x86)/texlive/2024/texmf-dist/tex/latex/listings/lstlang3.sty
File: lstlang3.sty 2024/02/21 1.10 listings language file
)
(d:/Program Files (x86)/texlive/2024/texmf-dist/tex/latex/listings/lstlang1.sty
File: lstlang1.sty 2024/02/21 1.10 listings language file
)
(d:/Program Files (x86)/texlive/2024/texmf-dist/tex/latex/listings/lstlang2.sty
File: lstlang2.sty 2024/02/21 1.10 listings language file
)
(d:/Program Files (x86)/texlive/2024/texmf-dist/tex/latex/listings/lstlang3.sty
File: lstlang3.sty 2024/02/21 1.10 listings language file
)
(d:/Program Files (x86)/texlive/2024/texmf-dist/tex/latex/listings/lstlang1.sty
File: lstlang1.sty 2024/02/21 1.10 listings language file
)
(d:/Program Files (x86)/texlive/2024/texmf-dist/tex/latex/listings/lstlang2.sty
File: lstlang2.sty 2024/02/21 1.10 listings language file
)
(d:/Program Files (x86)/texlive/2024/texmf-dist/tex/latex/listings/lstlang3.sty
File: lstlang3.sty 2024/02/21 1.10 listings language file
)
(d:/Program Files (x86)/texlive/2024/texmf-dist/tex/latex/listings/lstmisc.sty
File: lstmisc.sty 2024/02/21 1.10 (Carsten Heinz)
)
(d:/Program Files (x86)/texlive/2024/texmf-dist/tex/latex/cjk/texinput/UTF8/UTF
8.enc
File: UTF8.enc 2021/10/16 4.8.5
)
(d:/Program Files (x86)/texlive/2024/texmf-dist/tex/latex/cjk/texinput/UTF8/UTF
8.chr
File: UTF8.chr 2021/10/16 4.8.5
)
(C:/Users/Kiddo_Tsukuyomi/Ê°åÈù¢/file/Project/HW10/extra/Proj/out/HW10.aux)
\openout1 = `HW10.aux'.

LaTeX Font Info:    Checking defaults for OML/cmm/m/it on input line 46.
LaTeX Font Info:    ... okay on input line 46.
LaTeX Font Info:    Checking defaults for OMS/cmsy/m/n on input line 46.
LaTeX Font Info:    ... okay on input line 46.
LaTeX Font Info:    Checking defaults for OT1/cmr/m/n on input line 46.
LaTeX Font Info:    ... okay on input line 46.
LaTeX Font Info:    Checking defaults for T1/cmr/m/n on input line 46.
LaTeX Font Info:    ... okay on input line 46.
LaTeX Font Info:    Checking defaults for TS1/cmr/m/n on input line 46.
LaTeX Font Info:    ... okay on input line 46.
LaTeX Font Info:    Checking defaults for OMX/cmex/m/n on input line 46.
LaTeX Font Info:    ... okay on input line 46.
LaTeX Font Info:    Checking defaults for U/cmr/m/n on input line 46.
LaTeX Font Info:    ... okay on input line 46.
LaTeX Font Info:    Checking defaults for C00/song/m/n on input line 46.
LaTeX Font Info:    ... okay on input line 46.
LaTeX Font Info:    Checking defaults for C05/song/m/n on input line 46.
LaTeX Font Info:    ... okay on input line 46.
LaTeX Font Info:    Checking defaults for C09/song/m/n on input line 46.
LaTeX Font Info:    ... okay on input line 46.
LaTeX Font Info:    Checking defaults for C10/song/m/n on input line 46.
LaTeX Font Info:    ... okay on input line 46.
LaTeX Font Info:    Checking defaults for C20/song/m/n on input line 46.
LaTeX Font Info:    ... okay on input line 46.
LaTeX Font Info:    Checking defaults for C19/song/m/n on input line 46.
LaTeX Font Info:    ... okay on input line 46.
LaTeX Font Info:    Checking defaults for C40/song/m/n on input line 46.
LaTeX Font Info:    ... okay on input line 46.
LaTeX Font Info:    Checking defaults for C42/song/m/n on input line 46.
LaTeX Font Info:    ... okay on input line 46.
LaTeX Font Info:    Checking defaults for C43/song/m/n on input line 46.
LaTeX Font Info:    ... okay on input line 46.
LaTeX Font Info:    Checking defaults for C50/song/m/n on input line 46.
LaTeX Font Info:    ... okay on input line 46.
LaTeX Font Info:    Checking defaults for C52/song/m/n on input line 46.
LaTeX Font Info:    ... okay on input line 46.
LaTeX Font Info:    Checking defaults for C49/song/m/n on input line 46.
LaTeX Font Info:    ... okay on input line 46.
LaTeX Font Info:    Checking defaults for C60/mj/m/n on input line 46.
LaTeX Font Info:    ... okay on input line 46.
LaTeX Font Info:    Checking defaults for C61/mj/m/n on input line 46.
LaTeX Font Info:    ... okay on input line 46.
LaTeX Font Info:    Checking defaults for C63/mj/m/n on input line 46.
LaTeX Font Info:    ... okay on input line 46.
LaTeX Font Info:    Checking defaults for C64/mj/m/n on input line 46.
LaTeX Font Info:    ... okay on input line 46.
LaTeX Font Info:    Checking defaults for C65/mj/m/n on input line 46.
LaTeX Font Info:    ... okay on input line 46.
LaTeX Font Info:    Checking defaults for C70/song/m/n on input line 46.
LaTeX Font Info:    ... okay on input line 46.
LaTeX Font Info:    Checking defaults for C31/song/m/n on input line 46.
LaTeX Font Info:    ... okay on input line 46.
LaTeX Font Info:    Checking defaults for C32/song/m/n on input line 46.
LaTeX Font Info:    ... okay on input line 46.
LaTeX Font Info:    Checking defaults for C33/song/m/n on input line 46.
LaTeX Font Info:    ... okay on input line 46.
LaTeX Font Info:    Checking defaults for C34/song/m/n on input line 46.
LaTeX Font Info:    ... okay on input line 46.
LaTeX Font Info:    Checking defaults for C35/song/m/n on input line 46.
LaTeX Font Info:    ... okay on input line 46.
LaTeX Font Info:    Checking defaults for C36/song/m/n on input line 46.
LaTeX Font Info:    ... okay on input line 46.
LaTeX Font Info:    Checking defaults for C37/song/m/n on input line 46.
LaTeX Font Info:    ... okay on input line 46.
LaTeX Font Info:    Checking defaults for C80/song/m/n on input line 46.
LaTeX Font Info:    ... okay on input line 46.
LaTeX Font Info:    Checking defaults for C81/song/m/n on input line 46.
LaTeX Font Info:    ... okay on input line 46.
LaTeX Font Info:    Checking defaults for C01/song/m/n on input line 46.
LaTeX Font Info:    ... okay on input line 46.
LaTeX Font Info:    Checking defaults for C11/song/m/n on input line 46.
LaTeX Font Info:    ... okay on input line 46.
LaTeX Font Info:    Checking defaults for C21/song/m/n on input line 46.
LaTeX Font Info:    ... okay on input line 46.
LaTeX Font Info:    Checking defaults for C41/song/m/n on input line 46.
LaTeX Font Info:    ... okay on input line 46.
LaTeX Font Info:    Checking defaults for C62/song/m/n on input line 46.
LaTeX Font Info:    ... okay on input line 46.

*geometry* driver: auto-detecting
*geometry* detected driver: pdftex
*geometry* verbose mode - [ preamble ] result:
* driver: pdftex
* paper: <default>
* layout: <same size as paper>
* layoutoffset:(h,v)=(0.0pt,0.0pt)
* modes: 
* h-part:(L,W,R)=(92.14519pt, 430.00462pt, 92.14519pt)
* v-part:(T,H,B)=(95.39737pt, 556.47656pt, 143.09605pt)
* \paperwidth=614.295pt
* \paperheight=794.96999pt
* \textwidth=430.00462pt
* \textheight=556.47656pt
* \oddsidemargin=19.8752pt
* \evensidemargin=19.8752pt
* \topmargin=-13.87262pt
* \headheight=12.0pt
* \headsep=25.0pt
* \topskip=10.0pt
* \footskip=30.0pt
* \marginparwidth=65.0pt
* \marginparsep=11.0pt
* \columnsep=10.0pt
* \skip\footins=9.0pt plus 4.0pt minus 2.0pt
* \hoffset=0.0pt
* \voffset=0.0pt
* \mag=1000
* \@twocolumnfalse
* \@twosidefalse
* \@mparswitchfalse
* \@reversemarginfalse
* (1in=72.27pt=25.4mm, 1cm=28.453pt)

\c@lstlisting=\count300

(d:/Program Files (x86)/texlive/2024/texmf-dist/tex/context/base/mkii/supp-pdf.
mkii
[Loading MPS to PDF converter (version 2006.09.02).]
\scratchcounter=\count301
\scratchdimen=\dimen175
\scratchbox=\box58
\nofMPsegments=\count302
\nofMParguments=\count303
\everyMPshowfont=\toks27
\MPscratchCnt=\count304
\MPscratchDim=\dimen176
\MPnumerator=\count305
\makeMPintoPDFobject=\count306
\everyMPtoPDFconversion=\toks28
)
(d:/Program Files (x86)/texlive/2024/texmf-dist/tex/latex/epstopdf-pkg/epstopdf
-base.sty
Package: epstopdf-base 2020-01-24 v2.11 Base part for package epstopdf
Package epstopdf-base Info: Redefining graphics rule for `.eps' on input line 4
85.

(d:/Program Files (x86)/texlive/2024/texmf-dist/tex/latex/latexconfig/epstopdf-
sys.cfg
File: epstopdf-sys.cfg 2010/07/13 v1.3 Configuration of (r)epstopdf for TeX Liv
e
))
Package caption Info: Begin \AtBeginDocument code.
Package caption Info: End \AtBeginDocument code.
LaTeX Font Info:    Trying to load font information for C70+rm on input line 50
.

(d:/Program Files (x86)/texlive/2024/texmf-dist/tex/latex/ctex/fd/c70rm.fd
File: c70rm.fd 2022/07/14 v2.5.10 Chinese font definition (CTEX)
)
Package CJKpunct Info: use punctuation spaces for family 'rm' with punctstyle (
quanjiao) on input line 50.
<bbc.jpg, id=9, 414.54875pt x 593.21625pt>
File: bbc.jpg Graphic file (type jpg)
<use bbc.jpg>
Package pdftex.def Info: bbc.jpg  used on input line 56.
(pdftex.def)             Requested size: 137.60461pt x 196.91153pt.


LaTeX Font Warning: Font shape `OMX/cmex/m/n' in size <10.53937> not available
(Font)              size <10.95> substituted on input line 59.

<hqd.png, id=11, 144.2991pt x 216.81pt>
File: hqd.png Graphic file (type png)
<use hqd.png>
Package pdftex.def Info: hqd.png  used on input line 62.
(pdftex.def)             Requested size: 131.14825pt x 197.05258pt.
<xy.jpg, id=13, 99.59325pt x 142.28583pt>
File: xy.jpg Graphic file (type jpg)
<use xy.jpg>
Package pdftex.def Info: xy.jpg  used on input line 68.
(pdftex.def)             Requested size: 137.60461pt x 196.61949pt.

Overfull \hbox (10.26643pt too wide) in paragraph at lines 78--79
[]\C70/rm/m/n/10.53937/7b , \C70/rm/m/n/10.53937/4e å * \C70/rm/m/n/10.53937/79
 Ô \C70/rm/m/n/10.53937/52 ^^F \C70/rm/m/n/10.53937/88 ´ \C70/rm/m/n/10.53937/7
9 Ô \C70/rm/m/n/10.53937/51 ˝ \C70/rm/m/n/10.53937/65 p $[][] \OML/cmm/m/it/10.
53937 x$|\C70/rm/m/n/10.53937/ff ^^L| \C70/rm/m/n/10.53937/4e 
  \C70/rm/m/n/10.53937/96 P \OT1/cmr/m/n/10.53937 0|\C70/rm/m/n/10.53937/ff ^^
L| $\OML/cmm/m/it/10.53937 ^^Y$|\C70/rm/m/n/10.53937/30 ^^B| \C70/rm/m/n/10.539
37/75 ( \C70/rm/m/n/10.53937/8f Ÿ \C70/rm/m/n/10.53937/4e * \C70/rm/m/n/10.5393
7/4f \ \C70/rm/m/n/10.53937/4e : \C70/rm/m/n/10.53937/53 ¬ \C70/rm/m/n/10.53937
/65 p|\C70/rm/m/n/10.53937/ff ^^L| \C70/rm/m/n/10.53937/8c ^^C \C70/rm/m/n/10.5
3937/75 ( \OT1/cmtt/m/n/10.53937 IntegrationPrecise()|\C70/rm/m/n/10.53937/30 ^
^B|
 []


Underfull \hbox (badness 10000) in paragraph at lines 78--79

 []


(d:/Program Files (x86)/texlive/2024/texmf-dist/tex/generic/ctex/zhmap/ctex-zhm
ap-windows.tex
File: ctex-zhmap-windows.tex 2022/07/14 v2.5.10 Windows font map loader for pdf
TeX and DVIPDFMx (CTEX)
{d:/Program Files (x86)/texlive/2024/texmf-var/fonts/map/pdftex/updmap/pdftex.m
ap}{UGBK.sfd}{Unicode.sfd}) [1

 <./bbc.jpg> <./hqd.png> <./xy.jpg>]

./HW10.tex:91: Package amsmath Error: Erroneous nesting of equation structures;

(amsmath)                trying to recover with `aligned'.

See the amsmath package documentation for explanation.
Type  H <return>  for immediate help.
 ...                                              
                                                  
l.91         \end{align*}
                         
Try typing  <return>  to proceed.
If that doesn't work, type  X <return>  to quit.

./HW10.tex:91: Missing \right. inserted.
<inserted text> 
                \right .
l.91         \end{align*}
                         
I've inserted something that you may have forgotten.
(See the <inserted text> above.)
With luck, this will get me unwedged. But if you
really didn't forget anything, try typing `2' now; then
my insertion and my current dilemma will both disappear.

<fig1_1.png, id=75, 403.5075pt x 63.98906pt>
File: fig1_1.png Graphic file (type png)
<use fig1_1.png>
Package pdftex.def Info: fig1_1.png  used on input line 97.
(pdftex.def)             Requested size: 280.72935pt x 44.51913pt.
<fig1_2.png, id=77, 1003.75pt x 752.8125pt>
File: fig1_2.png Graphic file (type png)
<use fig1_2.png>
Package pdftex.def Info: fig1_2.png  used on input line 102.
(pdftex.def)             Requested size: 296.77759pt x 222.58722pt.
<fig1_3.png, id=78, 396.7322pt x 39.14626pt>
File: fig1_3.png Graphic file (type png)
<use fig1_3.png>
Package pdftex.def Info: fig1_3.png  used on input line 107.
(pdftex.def)             Requested size: 225.55249pt x 22.25533pt.

LaTeX Warning: `h' float specifier changed to `ht'.


LaTeX Warning: `h' float specifier changed to `ht'.

[2 <./fig1_1.png>] [3 <./fig1_2.png> <./fig1_3.png>]
<Figuer2.png, id=134, 269.50688pt x 38.39343pt>
File: Figuer2.png Graphic file (type png)
<use Figuer2.png>
Package pdftex.def Info: Figuer2.png  used on input line 151.
(pdftex.def)             Requested size: 156.22362pt x 22.25533pt.
<fig3.png, id=135, 1003.75pt x 752.8125pt>
File: fig3.png Graphic file (type png)
<use fig3.png>
Package pdftex.def Info: fig3.png  used on input line 160.
(pdftex.def)             Requested size: 237.42819pt x 178.07657pt.
 [4 <./Figuer2.png> <./fig3.png>]
(d:/Program Files (x86)/texlive/2024/texmf-dist/tex/latex/listings/lstlang1.sty
File: lstlang1.sty 2024/02/21 1.10 listings language file
) [5]
Package epstopdf Info: Source file: <problem4_c.eps>
(epstopdf)                    date: 2024-07-03 17:39:41
(epstopdf)                    size: 27758 bytes
(epstopdf)             Output file: <problem4_c-eps-converted-to.pdf>
(epstopdf)                    date: 2024-07-03 18:09:24
(epstopdf)                    size: 14715 bytes
(epstopdf)             Command: <repstopdf --outfile=problem4_c-eps-converted-t
o.pdf problem4_c.eps>
(epstopdf)             \includegraphics on input line 219.
Package epstopdf Info: Output file is already uptodate.
<problem4_c-eps-converted-to.pdf, id=166, 462.72874pt x 347.2975pt>
File: problem4_c-eps-converted-to.pdf Graphic file (type pdf)
<use problem4_c-eps-converted-to.pdf>
Package pdftex.def Info: problem4_c-eps-converted-to.pdf  used on input line 21
9.
(pdftex.def)             Requested size: 311.41054pt x 233.71913pt.
Package epstopdf Info: Source file: <problem4_d.eps>
(epstopdf)                    date: 2024-07-03 17:39:46
(epstopdf)                    size: 957883 bytes
(epstopdf)             Output file: <problem4_d-eps-converted-to.pdf>
(epstopdf)                    date: 2024-07-03 18:09:27
(epstopdf)                    size: 17986 bytes
(epstopdf)             Command: <repstopdf --outfile=problem4_d-eps-converted-t
o.pdf problem4_d.eps>
(epstopdf)             \includegraphics on input line 229.
Package epstopdf Info: Output file is already uptodate.
<problem4_d-eps-converted-to.pdf, id=168, 462.72874pt x 347.2975pt>
File: problem4_d-eps-converted-to.pdf Graphic file (type pdf)
<use problem4_d-eps-converted-to.pdf>
Package pdftex.def Info: problem4_d-eps-converted-to.pdf  used on input line 22
9.
(pdftex.def)             Requested size: 311.41054pt x 233.71913pt.


LaTeX Warning: `h' float specifier changed to `ht'.

[6 <./problem4_c-eps-converted-to.pdf>]
Package epstopdf Info: Source file: <problem4_e(i)_1.eps>
(epstopdf)                    date: 2024-07-03 17:39:36
(epstopdf)                    size: 27887 bytes
(epstopdf)             Output file: <problem4_e(i)_1-eps-converted-to.pdf>
(epstopdf)                    date: 2024-07-03 18:19:38
(epstopdf)                    size: 14814 bytes
(epstopdf)             Command: <repstopdf --outfile=problem4_e(i)_1-eps-conver
ted-to.pdf problem4_e(i)_1.eps>
(epstopdf)             \includegraphics on input line 247.
Package epstopdf Info: Output file is already uptodate.
<problem4_e(i)_1-eps-converted-to.pdf, id=209, 462.72874pt x 347.2975pt>
File: problem4_e(i)_1-eps-converted-to.pdf Graphic file (type pdf)
<use problem4_e(i)_1-eps-converted-to.pdf>
Package pdftex.def Info: problem4_e(i)_1-eps-converted-to.pdf  used on input li
ne 247.
(pdftex.def)             Requested size: 207.60468pt x 155.81274pt.

Overfull \hbox (35.60545pt too wide) in paragraph at lines 247--249
 [][] 
 []

Package epstopdf Info: Source file: <problem4_e(i)_2.eps>
(epstopdf)                    date: 2024-07-03 17:39:48
(epstopdf)                    size: 957888 bytes
(epstopdf)             Output file: <problem4_e(i)_2-eps-converted-to.pdf>
(epstopdf)                    date: 2024-07-03 18:19:40
(epstopdf)                    size: 17216 bytes
(epstopdf)             Command: <repstopdf --outfile=problem4_e(i)_2-eps-conver
ted-to.pdf problem4_e(i)_2.eps>
(epstopdf)             \includegraphics on input line 253.
Package epstopdf Info: Output file is already uptodate.
<problem4_e(i)_2-eps-converted-to.pdf, id=210, 462.72874pt x 347.2975pt>
File: problem4_e(i)_2-eps-converted-to.pdf Graphic file (type pdf)
<use problem4_e(i)_2-eps-converted-to.pdf>
Package pdftex.def Info: problem4_e(i)_2-eps-converted-to.pdf  used on input li
ne 253.
(pdftex.def)             Requested size: 237.27357pt x 178.07657pt.

Overfull \hbox (65.27435pt too wide) in paragraph at lines 253--255
 [][] 
 []


LaTeX Warning: `h' float specifier changed to `ht'.

[7 <./problem4_d-eps-converted-to.pdf>]

./HW10.tex:266: LaTeX Error: \begin{align*} on input line 263 ended by \end{}.

See the LaTeX manual or LaTeX Companion for explanation.
Type  H <return>  for immediate help.
 ...                                              
                                                  
l.266         \end{}
                     \right\}
Your command was ignored.
Type  I <command> <return>  to replace it with another command,
or  <return>  to continue without it.


./HW10.tex:266: Package amsmath Error: Erroneous nesting of equation structures
;
(amsmath)                trying to recover with `aligned'.

See the amsmath package documentation for explanation.
Type  H <return>  for immediate help.
 ...                                              
                                                  
l.266         \end{}
                     \right\}
Try typing  <return>  to proceed.
If that doesn't work, type  X <return>  to quit.

Package epstopdf Info: Source file: <problem4_e(ii)_1.eps>
(epstopdf)                    date: 2024-07-03 17:39:40
(epstopdf)                    size: 28227 bytes
(epstopdf)             Output file: <problem4_e(ii)_1-eps-converted-to.pdf>
(epstopdf)                    date: 2024-07-03 18:26:36
(epstopdf)                    size: 14936 bytes
(epstopdf)             Command: <repstopdf --outfile=problem4_e(ii)_1-eps-conve
rted-to.pdf problem4_e(ii)_1.eps>
(epstopdf)             \includegraphics on input line 279.
Package epstopdf Info: Output file is already uptodate.
<problem4_e(ii)_1-eps-converted-to.pdf, id=250, 462.72874pt x 347.2975pt>
File: problem4_e(ii)_1-eps-converted-to.pdf Graphic file (type pdf)
<use problem4_e(ii)_1-eps-converted-to.pdf>
Package pdftex.def Info: problem4_e(ii)_1-eps-converted-to.pdf  used on input l
ine 279.
(pdftex.def)             Requested size: 207.60468pt x 155.81274pt.

Overfull \hbox (35.60545pt too wide) in paragraph at lines 279--281
 [][] 
 []

Package epstopdf Info: Source file: <problem4_e(ii)_2.eps>
(epstopdf)                    date: 2024-07-03 18:58:35
(epstopdf)                    size: 958259 bytes
(epstopdf)             Output file: <problem4_e(ii)_2-eps-converted-to.pdf>
(epstopdf)                    date: 2024-07-03 18:59:16
(epstopdf)                    size: 17307 bytes
(epstopdf)             Command: <repstopdf --outfile=problem4_e(ii)_2-eps-conve
rted-to.pdf problem4_e(ii)_2.eps>
(epstopdf)             \includegraphics on input line 285.
Package epstopdf Info: Output file is already uptodate.
<problem4_e(ii)_2-eps-converted-to.pdf, id=251, 462.72874pt x 347.2975pt>
File: problem4_e(ii)_2-eps-converted-to.pdf Graphic file (type pdf)
<use problem4_e(ii)_2-eps-converted-to.pdf>
Package pdftex.def Info: problem4_e(ii)_2-eps-converted-to.pdf  used on input l
ine 285.
(pdftex.def)             Requested size: 237.27357pt x 178.07657pt.

Overfull \hbox (65.27435pt too wide) in paragraph at lines 285--287
 [][] 
 []


LaTeX Warning: `h' float specifier changed to `ht'.

[8 <./problem4_e(i)_1-eps-converted-to.pdf> <./problem4_e(i)_2-eps-converted-to
.pdf>] [9 <./problem4_e(ii)_1-eps-converted-to.pdf> <./problem4_e(ii)_2-eps-con
verted-to.pdf>] [10]
<V.png, id=431, 1133.23375pt x 680.5425pt>
File: V.png Graphic file (type png)
<use V.png>
Package pdftex.def Info: V.png  used on input line 338.
(pdftex.def)             Requested size: 379.03477pt x 227.62204pt.
<E.png, id=432, 1133.23375pt x 680.5425pt>
File: E.png Graphic file (type png)
<use E.png>
Package pdftex.def Info: E.png  used on input line 344.
(pdftex.def)             Requested size: 379.03477pt x 227.62204pt.
 [11 <./V.png>] [12 <./E.png>]
(C:/Users/Kiddo_Tsukuyomi/Ê°åÈù¢/file/Project/HW10/extra/Proj/out/HW10.aux)
 ***********
LaTeX2e <2023-11-01> patch level 1
L3 programming layer <2022/07/14>
 ***********


LaTeX Font Warning: Size substitutions with differences
(Font)              up to 0.41063pt have occurred.

 ) 
Here is how much of TeX's memory you used:
 11621 strings out of 474116
 212988 string characters out of 5737623
 1948190 words of memory out of 5000000
 33626 multiletter control sequences out of 15000+600000
 595976 words of font info for 172 fonts, out of 8000000 for 9000
 1141 hyphenation exceptions out of 8191
 80i,9n,83p,689b,1401s stack positions out of 10000i,1000n,20000p,200000b,200000s
<c:/Windows/Fonts/simsun.ttc><c:/Windows/Fonts/simhei.ttf><c:/Windows/Fonts/s
imhei.ttf><c:/Windows/Fonts/simhei.ttf><c:/Windows/Fonts/simhei.ttf><c:/Windows
/Fonts/simhei.ttf><c:/Windows/Fonts/simhei.ttf><c:/Windows/Fonts/simhei.ttf><c:
/Windows/Fonts/simhei.ttf><c:/Windows/Fonts/simhei.ttf><c:/Windows/Fonts/simhei
.ttf><c:/Windows/Fonts/simhei.ttf><c:/Windows/Fonts/simhei.ttf><c:/Windows/Font
s/simsun.ttc><c:/Windows/Fonts/simhei.ttf><c:/Windows/Fonts/simhei.ttf><c:/Wind
ows/Fonts/simhei.ttf><c:/Windows/Fonts/simhei.ttf><c:/Windows/Fonts/simhei.ttf>
<c:/Windows/Fonts/simhei.ttf><c:/Windows/Fonts/simhei.ttf><c:/Windows/Fonts/sim
hei.ttf><c:/Windows/Fonts/simhei.ttf><c:/Windows/Fonts/simhei.ttf><c:/Windows/F
onts/simhei.ttf><c:/Windows/Fonts/simhei.ttf><c:/Windows/Fonts/simhei.ttf><c:/W
indows/Fonts/simhei.ttf><c:/Windows/Fonts/simhei.ttf><c:/Windows/Fonts/simhei.t
tf><c:/Windows/Fonts/simsun.ttc><c:/Windows/Fonts/simsun.ttc><c:/Windows/Fonts/
simsun.ttc><c:/Windows/Fonts/simsun.ttc><c:/Windows/Fonts/simsun.ttc><c:/Window
s/Fonts/simsun.ttc><c:/Windows/Fonts/simsun.ttc><c:/Windows/Fonts/simsun.ttc><c
:/Windows/Fonts/simsun.ttc><c:/Windows/Fonts/simsun.ttc><c:/Windows/Fonts/simsu
n.ttc><c:/Windows/Fonts/simsun.ttc><c:/Windows/Fonts/simsun.ttc><c:/Windows/Fon
ts/simsun.ttc><c:/Windows/Fonts/simsun.ttc><c:/Windows/Fonts/simsun.ttc><c:/Win
dows/Fonts/simsun.ttc><c:/Windows/Fonts/simsun.ttc><c:/Windows/Fonts/simsun.ttc
><c:/Windows/Fonts/simsun.ttc><c:/Windows/Fonts/simsun.ttc><c:/Windows/Fonts/si
msun.ttc><c:/Windows/Fonts/simsun.ttc><c:/Windows/Fonts/simsun.ttc><c:/Windows/
Fonts/simsun.ttc><c:/Windows/Fonts/simsun.ttc><c:/Windows/Fonts/simsun.ttc><c:/
Windows/Fonts/simsun.ttc><c:/Windows/Fonts/simsun.ttc><c:/Windows/Fonts/simsun.
ttc><c:/Windows/Fonts/simsun.ttc><c:/Windows/Fonts/simsun.ttc><c:/Windows/Fonts
/simsun.ttc><c:/Windows/Fonts/simsun.ttc><c:/Windows/Fonts/simsun.ttc><c:/Windo
ws/Fonts/simsun.ttc><c:/Windows/Fonts/simsun.ttc><c:/Windows/Fonts/simsun.ttc><
c:/Windows/Fonts/simsun.ttc><c:/Windows/Fonts/simsun.ttc><c:/Windows/Fonts/sims
un.ttc><c:/Windows/Fonts/simsun.ttc><c:/Windows/Fonts/simsun.ttc><c:/Windows/Fo
nts/simsun.ttc><c:/Windows/Fonts/simsun.ttc><c:/Windows/Fonts/simsun.ttc><c:/Wi
ndows/Fonts/simsun.ttc><c:/Windows/Fonts/simsun.ttc><c:/Windows/Fonts/simsun.tt
c><c:/Windows/Fonts/simsun.ttc><c:/Windows/Fonts/simsun.ttc><c:/Windows/Fonts/s
imsun.ttc><c:/Windows/Fonts/simsun.ttc><c:/Windows/Fonts/simsun.ttc><c:/Windows
/Fonts/simsun.ttc><c:/Windows/Fonts/simsun.ttc><c:/Windows/Fonts/simsun.ttc><c:
/Windows/Fonts/simsun.ttc><c:/Windows/Fonts/simsun.ttc><c:/Windows/Fonts/simsun
.ttc><c:/Windows/Fonts/simsun.ttc><d:/Program Files (x86)/texlive/2024/texmf-di
st/fonts/type1/public/amsfonts/cm/cmbx10.pfb><d:/Program Files (x86)/texlive/20
24/texmf-dist/fonts/type1/public/amsfonts/cm/cmbx12.pfb><d:/Program Files (x86)
/texlive/2024/texmf-dist/fonts/type1/public/amsfonts/cm/cmex10.pfb><d:/Program 
Files (x86)/texlive/2024/texmf-dist/fonts/type1/public/amsfonts/cm/cmmi10.pfb><
d:/Program Files (x86)/texlive/2024/texmf-dist/fonts/type1/public/amsfonts/cm/c
mmi5.pfb><d:/Program Files (x86)/texlive/2024/texmf-dist/fonts/type1/public/ams
fonts/cm/cmmi7.pfb><d:/Program Files (x86)/texlive/2024/texmf-dist/fonts/type1/
public/amsfonts/cm/cmr10.pfb><d:/Program Files (x86)/texlive/2024/texmf-dist/fo
nts/type1/public/amsfonts/cm/cmr5.pfb><d:/Program Files (x86)/texlive/2024/texm
f-dist/fonts/type1/public/amsfonts/cm/cmr6.pfb><d:/Program Files (x86)/texlive/
2024/texmf-dist/fonts/type1/public/amsfonts/cm/cmr7.pfb><d:/Program Files (x86)
/texlive/2024/texmf-dist/fonts/type1/public/amsfonts/cm/cmsl10.pfb><d:/Program 
Files (x86)/texlive/2024/texmf-dist/fonts/type1/public/amsfonts/cm/cmsy10.pfb><
d:/Program Files (x86)/texlive/2024/texmf-dist/fonts/type1/public/amsfonts/cm/c
msy7.pfb><d:/Program Files (x86)/texlive/2024/texmf-dist/fonts/type1/public/ams
fonts/cm/cmtt10.pfb><d:/Program Files (x86)/texlive/2024/texmf-dist/fonts/type1
/public/amsfonts/cm/cmtt9.pfb><d:/Program Files (x86)/texlive/2024/texmf-dist/f
onts/type1/public/amsfonts/latxfont/lcircle1.pfb>
Output written on C:/Users/Kiddo_Tsukuyomi/Ê°åÈù¢/file/Project/HW10/extra/Proj/
out/HW10.pdf (12 pages, 2430614 bytes).
PDF statistics:
 783 PDF objects out of 1000 (max. 8388607)
 374 compressed objects within 4 object streams
 0 named destinations out of 1000 (max. 500000)
 333 words of extra memory for PDF output out of 10000 (max. 10000000)

