\BOOKMARK [1][-]{section.1}{\376\377\137\025\212\000}{}% 1
\BOOKMARK [1][-]{section.2}{\376\377\165\037\142\020\126\150\123\237\164\006\173\200\116\313}{}% 2
\BOOKMARK [1][-]{section.3}{\376\377\226\217\147\072\140\047\150\300\232\214}{}% 3
\BOOKMARK [2][-]{subsection.3.1}{\376\377\123\125\153\324\162\171\230\221\145\160\150\300\155\113\145\271\154\325}{section.3}% 4
\BOOKMARK [2][-]{subsection.3.2}{\376\377\127\127\121\205\230\221\145\160\150\300\155\113\145\271\154\325}{section.3}% 5
\BOOKMARK [2][-]{subsection.3.3}{\376\377\142\121\121\113\150\300\155\113}{section.3}% 6
\BOOKMARK [2][-]{subsection.3.4}{\376\377\221\315\123\340\133\120\136\217\122\027\150\300\155\113}{section.3}% 7
\BOOKMARK [2][-]{subsection.3.5}{\376\377\156\070\172\013\140\073\145\160\150\300\155\113}{section.3}% 8
\BOOKMARK [2][-]{subsection.3.6}{\376\377\156\070\172\013\122\006\136\003\150\300\155\113}{section.3}% 9
\BOOKMARK [2][-]{subsection.3.7}{\376\377\127\127\121\205\147\000\131\047\156\070\172\013\150\300\155\113}{section.3}% 10
\BOOKMARK [2][-]{subsection.3.8}{\376\377\116\214\121\103\143\250\133\374\150\300\155\113}{section.3}% 11
\BOOKMARK [2][-]{subsection.3.9}{\376\377\201\352\166\370\121\163\150\300\155\113}{section.3}% 12
\BOOKMARK [2][-]{subsection.3.10}{\376\377\167\351\226\065\171\351\150\300\155\113}{section.3}% 13
\BOOKMARK [2][-]{subsection.3.11}{\376\377\175\057\122\240\124\214\150\300\155\113}{section.3}% 14
\BOOKMARK [2][-]{subsection.3.12}{\376\377\217\321\117\074\161\265\150\300\155\113}{section.3}% 15
\BOOKMARK [2][-]{subsection.3.13}{\376\377\176\277\140\047\131\015\147\102\136\246\150\300\155\113}{section.3}% 16
\BOOKMARK [2][-]{subsection.3.14}{\376\377\000M\000a\000u\000r\000e\000r\150\300\155\113}{section.3}% 17
\BOOKMARK [2][-]{subsection.3.15}{\376\377\171\273\145\143\120\205\221\314\123\366\150\300\155\113}{section.3}% 18
\BOOKMARK [1][-]{section.4}{\376\377\226\217\147\072\145\160\150\300\155\113\122\044\133\232}{}% 19
\BOOKMARK [2][-]{subsection.4.1}{\376\377\150\067\147\054\220\032\217\307\163\207\122\044\133\232}{section.4}% 20
\BOOKMARK [2][-]{subsection.4.2}{\376\377\150\067\147\054\122\006\136\003\127\107\123\000\140\047\122\044\133\232}{section.4}% 21
\BOOKMARK [1][-]{section.5}{\376\377\226\217\147\072\140\047\150\300\155\113}{}% 22
\BOOKMARK [1][-]{section.6}{\376\377\226\217\147\072\145\160\136\224\165\050}{}% 23
\BOOKMARK [2][-]{subsection.6.1}{\376\377\226\217\147\072\145\160\145\110\163\207}{section.6}% 24
\BOOKMARK [2][-]{subsection.6.2}{\376\377\121\167\117\123\136\224\165\050}{section.6}% 25
\BOOKMARK [1][-]{section.7}{\376\377\140\073\176\323}{}% 26
\BOOKMARK [1][-]{section.8}{\376\377\137\025\212\000}{}% 27
\BOOKMARK [1][-]{section.9}{\376\377\164\006\213\272\143\250\133\374}{}% 28
\BOOKMARK [1][-]{section.10}{\376\377\116\343\170\001\232\214\213\301}{}% 29
\BOOKMARK [1][-]{section.11}{\376\377\176\323\213\272}{}% 30
