\BOOKMARK [1][-]{section.1}{\376\377\000P\000r\000o\000b\000l\000e\000m\000\040\0001}{}% 1
\BOOKMARK [2][-]{subsection.1.1}{\376\377\230\230\166\356\126\336\230\176}{section.1}% 2
\BOOKMARK [2][-]{subsection.1.2}{\376\377\225\356\230\230\211\343\173\124}{section.1}% 3
\BOOKMARK [1][-]{section.2}{\376\377\000P\000r\000o\000b\000l\000e\000m\000\040\0002}{}% 4
\BOOKMARK [2][-]{subsection.2.1}{\376\377\230\230\166\356\126\336\230\176}{section.2}% 5
\BOOKMARK [2][-]{subsection.2.2}{\376\377\225\356\230\230\211\343\173\124}{section.2}% 6
\BOOKMARK [1][-]{section.3}{\376\377\000P\000r\000o\000b\000l\000e\000m\000\040\0003}{}% 7
\BOOKMARK [2][-]{subsection.3.1}{\376\377\230\230\166\356\126\336\230\176}{section.3}% 8
\BOOKMARK [2][-]{subsection.3.2}{\376\377\225\356\230\230\211\343\173\124}{section.3}% 9
\BOOKMARK [1][-]{section.4}{\376\377\000P\000r\000o\000b\000l\000e\000m\000\040\0004}{}% 10
\BOOKMARK [2][-]{subsection.4.1}{\376\377\225\356\230\230\126\336\230\176}{section.4}% 11
\BOOKMARK [2][-]{subsection.4.2}{\376\377\225\356\230\230\211\343\173\124}{section.4}% 12
\BOOKMARK [3][-]{subsubsection.4.2.1}{\376\377\225\356\230\230\000\050\000a\000\051\211\343\173\124}{subsection.4.2}% 13
\BOOKMARK [2][-]{subsection.4.3}{\376\377\225\356\230\230\000\050\000b\000\051\211\343\173\124}{section.4}% 14
\BOOKMARK [2][-]{subsection.4.4}{\376\377\142\323\134\125\377\032\221\307\165\050\167\037\226\217\147\072\145\160\000\050\000R\000d\000r\000a\000n\000d\000\051\147\145\217\333\210\114\213\345\133\236\232\214}{section.4}% 15
\BOOKMARK [1][-]{section.5}{\376\377\000P\000r\000o\000b\000l\000e\000m\000\040\0005}{}% 16
\BOOKMARK [2][-]{subsection.5.1}{\376\377\230\230\166\356\126\336\230\176}{section.5}% 17
\BOOKMARK [2][-]{subsection.5.2}{\376\377\225\356\230\230\211\343\173\124}{section.5}% 18
\BOOKMARK [1][-]{section.6}{\376\377\000P\000r\000o\000b\000l\000e\000m\000\040\0006}{}% 19
\BOOKMARK [2][-]{subsection.6.1}{\376\377\230\230\166\356\126\336\230\176}{section.6}% 20
\BOOKMARK [2][-]{subsection.6.2}{\376\377\225\356\230\230\211\343\173\124}{section.6}% 21
